[ 2017-05-23T02:28:50+08:00 ] 123.125.71.104 /
INFO: [ app_init ] --START--
INFO: Run Behavior\BuildLiteBehavior [ RunTime:0.000022s ]
INFO: [ app_init ] --END-- [ RunTime:0.000514s ]
INFO: [ app_begin ] --START--
INFO: Run Behavior\ReadHtmlCacheBehavior [ RunTime:0.000405s ]
INFO: [ app_begin ] --END-- [ RunTime:0.000455s ]
SQL: SHOW COLUMNS FROM `zl_article` [ RunTime:0.0006s ]
SQL: SELECT * FROM `zl_article` WHERE `deleted` = 0 AND `disabled` = 0 ORDER BY created_time  [ RunTime:0.0001s ]
SQL: SHOW COLUMNS FROM `zl_index_display` [ RunTime:0.0004s ]
SQL: SELECT * FROM `zl_index_display` WHERE `deleted` = 0 AND `disabled` = 0 AND `position_id` = 1 ORDER BY created_time DESC LIMIT 1   [ RunTime:0.0001s ]
SQL: SELECT * FROM `zl_article` WHERE ( article_id =34 ) LIMIT 1   [ RunTime:0.0001s ]
INFO: [ view_parse ] --START--
INFO: [ template_filter ] --START--
INFO: Run Behavior\ContentReplaceBehavior [ RunTime:0.000071s ]
INFO: [ template_filter ] --END-- [ RunTime:0.000123s ]
INFO: Run Behavior\ParseTemplateBehavior [ RunTime:0.007467s ]
INFO: [ view_parse ] --END-- [ RunTime:0.007514s ]
INFO: [ view_filter ] --START--
INFO: Run Behavior\WriteHtmlCacheBehavior [ RunTime:0.000196s ]
INFO: [ view_filter ] --END-- [ RunTime:0.000239s ]
INFO: [ app_end ] --START--
INFO: Run Behavior\ShowPageTraceBehavior [ RunTime:0.000484s ]
INFO: [ app_end ] --END-- [ RunTime:0.000528s ]

[ 2017-05-23T04:40:19+08:00 ] 42.236.99.2 /
INFO: [ app_init ] --START--
INFO: Run Behavior\BuildLiteBehavior [ RunTime:0.000022s ]
INFO: [ app_init ] --END-- [ RunTime:0.000464s ]
INFO: [ app_begin ] --START--
INFO: Run Behavior\ReadHtmlCacheBehavior [ RunTime:0.000630s ]
INFO: [ app_begin ] --END-- [ RunTime:0.000692s ]
SQL: SHOW COLUMNS FROM `zl_article` [ RunTime:0.0005s ]
SQL: SELECT * FROM `zl_article` WHERE `deleted` = 0 AND `disabled` = 0 ORDER BY created_time  [ RunTime:0.0001s ]
SQL: SHOW COLUMNS FROM `zl_index_display` [ RunTime:0.0004s ]
SQL: SELECT * FROM `zl_index_display` WHERE `deleted` = 0 AND `disabled` = 0 AND `position_id` = 1 ORDER BY created_time DESC LIMIT 1   [ RunTime:0.0001s ]
SQL: SELECT * FROM `zl_article` WHERE ( article_id =34 ) LIMIT 1   [ RunTime:0.0001s ]
INFO: [ view_parse ] --START--
INFO: [ template_filter ] --START--
INFO: Run Behavior\ContentReplaceBehavior [ RunTime:0.000082s ]
INFO: [ template_filter ] --END-- [ RunTime:0.000151s ]
INFO: Run Behavior\ParseTemplateBehavior [ RunTime:0.009976s ]
INFO: [ view_parse ] --END-- [ RunTime:0.010021s ]
INFO: [ view_filter ] --START--
INFO: Run Behavior\WriteHtmlCacheBehavior [ RunTime:0.000372s ]
INFO: [ view_filter ] --END-- [ RunTime:0.000409s ]
INFO: [ app_end ] --START--
INFO: Run Behavior\ShowPageTraceBehavior [ RunTime:0.000450s ]
INFO: [ app_end ] --END-- [ RunTime:0.000490s ]

[ 2017-05-23T05:50:18+08:00 ] 61.135.169.9 /
INFO: [ app_init ] --START--
INFO: Run Behavior\BuildLiteBehavior [ RunTime:0.000017s ]
INFO: [ app_init ] --END-- [ RunTime:0.000466s ]
INFO: [ app_begin ] --START--
INFO: Run Behavior\ReadHtmlCacheBehavior [ RunTime:0.000386s ]
INFO: [ app_begin ] --END-- [ RunTime:0.000431s ]
SQL: SHOW COLUMNS FROM `zl_article` [ RunTime:0.0006s ]
SQL: SELECT * FROM `zl_article` WHERE `deleted` = 0 AND `disabled` = 0 ORDER BY created_time  [ RunTime:0.0001s ]
SQL: SHOW COLUMNS FROM `zl_index_display` [ RunTime:0.0004s ]
SQL: SELECT * FROM `zl_index_display` WHERE `deleted` = 0 AND `disabled` = 0 AND `position_id` = 1 ORDER BY created_time DESC LIMIT 1   [ RunTime:0.0001s ]
SQL: SELECT * FROM `zl_article` WHERE ( article_id =34 ) LIMIT 1   [ RunTime:0.0001s ]
INFO: [ view_parse ] --START--
INFO: [ template_filter ] --START--
INFO: Run Behavior\ContentReplaceBehavior [ RunTime:0.000086s ]
INFO: [ template_filter ] --END-- [ RunTime:0.000153s ]
INFO: Run Behavior\ParseTemplateBehavior [ RunTime:0.007874s ]
INFO: [ view_parse ] --END-- [ RunTime:0.007935s ]
INFO: [ view_filter ] --START--
INFO: Run Behavior\WriteHtmlCacheBehavior [ RunTime:0.000187s ]
INFO: [ view_filter ] --END-- [ RunTime:0.000223s ]
INFO: [ app_end ] --START--
INFO: Run Behavior\ShowPageTraceBehavior [ RunTime:0.000427s ]
INFO: [ app_end ] --END-- [ RunTime:0.000472s ]

[ 2017-05-23T10:36:19+08:00 ] 123.125.71.77 /
INFO: [ app_init ] --START--
INFO: Run Behavior\BuildLiteBehavior [ RunTime:0.000017s ]
INFO: [ app_init ] --END-- [ RunTime:0.000326s ]
INFO: [ app_begin ] --START--
INFO: Run Behavior\ReadHtmlCacheBehavior [ RunTime:0.000361s ]
INFO: [ app_begin ] --END-- [ RunTime:0.000403s ]
SQL: SHOW COLUMNS FROM `zl_article` [ RunTime:0.0018s ]
SQL: SELECT * FROM `zl_article` WHERE `deleted` = 0 AND `disabled` = 0 ORDER BY created_time  [ RunTime:0.0002s ]
SQL: SHOW COLUMNS FROM `zl_index_display` [ RunTime:0.0004s ]
SQL: SELECT * FROM `zl_index_display` WHERE `deleted` = 0 AND `disabled` = 0 AND `position_id` = 1 ORDER BY created_time DESC LIMIT 1   [ RunTime:0.0001s ]
SQL: SELECT * FROM `zl_article` WHERE ( article_id =34 ) LIMIT 1   [ RunTime:0.0001s ]
INFO: [ view_parse ] --START--
INFO: [ template_filter ] --START--
INFO: Run Behavior\ContentReplaceBehavior [ RunTime:0.000075s ]
INFO: [ template_filter ] --END-- [ RunTime:0.000125s ]
INFO: Run Behavior\ParseTemplateBehavior [ RunTime:0.008061s ]
INFO: [ view_parse ] --END-- [ RunTime:0.008098s ]
INFO: [ view_filter ] --START--
INFO: Run Behavior\WriteHtmlCacheBehavior [ RunTime:0.000156s ]
INFO: [ view_filter ] --END-- [ RunTime:0.000184s ]
INFO: [ app_end ] --START--
INFO: Run Behavior\ShowPageTraceBehavior [ RunTime:0.000384s ]
INFO: [ app_end ] --END-- [ RunTime:0.000426s ]

[ 2017-05-23T11:05:42+08:00 ] 42.236.99.30 /?/category-1
INFO: [ app_init ] --START--
INFO: Run Behavior\BuildLiteBehavior [ RunTime:0.000021s ]
INFO: [ app_init ] --END-- [ RunTime:0.000443s ]
INFO: [ app_begin ] --START--
INFO: Run Behavior\ReadHtmlCacheBehavior [ RunTime:0.000546s ]
INFO: [ app_begin ] --END-- [ RunTime:0.000604s ]
SQL: SHOW COLUMNS FROM `zl_article` [ RunTime:0.0009s ]
SQL: SELECT * FROM `zl_article` WHERE `deleted` = 0 AND `disabled` = 0 ORDER BY created_time  [ RunTime:0.0001s ]
SQL: SHOW COLUMNS FROM `zl_index_display` [ RunTime:0.0019s ]
SQL: SELECT * FROM `zl_index_display` WHERE `deleted` = 0 AND `disabled` = 0 AND `position_id` = 1 ORDER BY created_time DESC LIMIT 1   [ RunTime:0.0011s ]
SQL: SELECT * FROM `zl_article` WHERE ( article_id =34 ) LIMIT 1   [ RunTime:0.0001s ]
INFO: [ view_parse ] --START--
INFO: [ template_filter ] --START--
INFO: Run Behavior\ContentReplaceBehavior [ RunTime:0.000109s ]
INFO: [ template_filter ] --END-- [ RunTime:0.000217s ]
INFO: Run Behavior\ParseTemplateBehavior [ RunTime:0.024180s ]
INFO: [ view_parse ] --END-- [ RunTime:0.024242s ]
INFO: [ view_filter ] --START--
INFO: Run Behavior\WriteHtmlCacheBehavior [ RunTime:0.000252s ]
INFO: [ view_filter ] --END-- [ RunTime:0.000295s ]
INFO: [ app_end ] --START--
INFO: Run Behavior\ShowPageTraceBehavior [ RunTime:0.000609s ]
INFO: [ app_end ] --END-- [ RunTime:0.000667s ]

[ 2017-05-23T11:05:42+08:00 ] 42.236.99.242 /?/account/find_password/
INFO: [ app_init ] --START--
INFO: Run Behavior\BuildLiteBehavior [ RunTime:0.000021s ]
INFO: [ app_init ] --END-- [ RunTime:0.000419s ]
INFO: [ app_begin ] --START--
INFO: Run Behavior\ReadHtmlCacheBehavior [ RunTime:0.000573s ]
INFO: [ app_begin ] --END-- [ RunTime:0.000628s ]
SQL: SHOW COLUMNS FROM `zl_article` [ RunTime:0.0006s ]
SQL: SELECT * FROM `zl_article` WHERE `deleted` = 0 AND `disabled` = 0 ORDER BY created_time  [ RunTime:0.0006s ]
SQL: SHOW COLUMNS FROM `zl_index_display` [ RunTime:0.0109s ]
SQL: SELECT * FROM `zl_index_display` WHERE `deleted` = 0 AND `disabled` = 0 AND `position_id` = 1 ORDER BY created_time DESC LIMIT 1   [ RunTime:0.0001s ]
SQL: SELECT * FROM `zl_article` WHERE ( article_id =34 ) LIMIT 1   [ RunTime:0.0001s ]
INFO: [ view_parse ] --START--
INFO: [ template_filter ] --START--
INFO: Run Behavior\ContentReplaceBehavior [ RunTime:0.007532s ]
INFO: [ template_filter ] --END-- [ RunTime:0.007638s ]
INFO: Run Behavior\ParseTemplateBehavior [ RunTime:0.019146s ]
INFO: [ view_parse ] --END-- [ RunTime:0.019211s ]
INFO: [ view_filter ] --START--
INFO: Run Behavior\WriteHtmlCacheBehavior [ RunTime:0.000241s ]
INFO: [ view_filter ] --END-- [ RunTime:0.000285s ]
INFO: [ app_end ] --START--
INFO: Run Behavior\ShowPageTraceBehavior [ RunTime:0.000600s ]
INFO: [ app_end ] --END-- [ RunTime:0.000658s ]

[ 2017-05-23T11:05:42+08:00 ] 42.236.10.103 /?/topic/Js
INFO: [ app_init ] --START--
INFO: Run Behavior\BuildLiteBehavior [ RunTime:0.000015s ]
INFO: [ app_init ] --END-- [ RunTime:0.000294s ]
INFO: [ app_begin ] --START--
INFO: Run Behavior\ReadHtmlCacheBehavior [ RunTime:0.000363s ]
INFO: [ app_begin ] --END-- [ RunTime:0.000409s ]
SQL: SHOW COLUMNS FROM `zl_article` [ RunTime:0.0005s ]
SQL: SELECT * FROM `zl_article` WHERE `deleted` = 0 AND `disabled` = 0 ORDER BY created_time  [ RunTime:0.0001s ]
SQL: SHOW COLUMNS FROM `zl_index_display` [ RunTime:0.0004s ]
SQL: SELECT * FROM `zl_index_display` WHERE `deleted` = 0 AND `disabled` = 0 AND `position_id` = 1 ORDER BY created_time DESC LIMIT 1   [ RunTime:0.0001s ]
SQL: SELECT * FROM `zl_article` WHERE ( article_id =34 ) LIMIT 1   [ RunTime:0.0001s ]
INFO: [ view_parse ] --START--
INFO: [ template_filter ] --START--
INFO: Run Behavior\ContentReplaceBehavior [ RunTime:0.000077s ]
INFO: [ template_filter ] --END-- [ RunTime:0.000131s ]
INFO: Run Behavior\ParseTemplateBehavior [ RunTime:0.007344s ]
INFO: [ view_parse ] --END-- [ RunTime:0.007384s ]
INFO: [ view_filter ] --START--
INFO: Run Behavior\WriteHtmlCacheBehavior [ RunTime:0.000165s ]
INFO: [ view_filter ] --END-- [ RunTime:0.000194s ]
INFO: [ app_end ] --START--
INFO: Run Behavior\ShowPageTraceBehavior [ RunTime:0.000405s ]
INFO: [ app_end ] --END-- [ RunTime:0.000445s ]

[ 2017-05-23T11:05:43+08:00 ] 180.153.236.125 /?/sort_type-hot____day-30
INFO: [ app_init ] --START--
INFO: Run Behavior\BuildLiteBehavior [ RunTime:0.000031s ]
INFO: [ app_init ] --END-- [ RunTime:0.000458s ]
INFO: [ app_begin ] --START--
INFO: Run Behavior\ReadHtmlCacheBehavior [ RunTime:0.000587s ]
INFO: [ app_begin ] --END-- [ RunTime:0.000650s ]
SQL: SHOW COLUMNS FROM `zl_article` [ RunTime:0.0008s ]
SQL: SELECT * FROM `zl_article` WHERE `deleted` = 0 AND `disabled` = 0 ORDER BY created_time  [ RunTime:0.0001s ]
SQL: SHOW COLUMNS FROM `zl_index_display` [ RunTime:0.0006s ]
SQL: SELECT * FROM `zl_index_display` WHERE `deleted` = 0 AND `disabled` = 0 AND `position_id` = 1 ORDER BY created_time DESC LIMIT 1   [ RunTime:0.0001s ]
SQL: SELECT * FROM `zl_article` WHERE ( article_id =34 ) LIMIT 1   [ RunTime:0.0001s ]
INFO: [ view_parse ] --START--
INFO: [ template_filter ] --START--
INFO: Run Behavior\ContentReplaceBehavior [ RunTime:0.000071s ]
INFO: [ template_filter ] --END-- [ RunTime:0.000128s ]
INFO: Run Behavior\ParseTemplateBehavior [ RunTime:0.010256s ]
INFO: [ view_parse ] --END-- [ RunTime:0.010307s ]
INFO: [ view_filter ] --START--
INFO: Run Behavior\WriteHtmlCacheBehavior [ RunTime:0.000171s ]
INFO: [ view_filter ] --END-- [ RunTime:0.000200s ]
INFO: [ app_end ] --START--
INFO: Run Behavior\ShowPageTraceBehavior [ RunTime:0.000458s ]
INFO: [ app_end ] --END-- [ RunTime:0.000500s ]

[ 2017-05-23T18:47:35+08:00 ] 220.181.108.101 /
INFO: [ app_init ] --START--
INFO: Run Behavior\BuildLiteBehavior [ RunTime:0.000014s ]
INFO: [ app_init ] --END-- [ RunTime:0.000302s ]
INFO: [ app_begin ] --START--
INFO: Run Behavior\ReadHtmlCacheBehavior [ RunTime:0.000422s ]
INFO: [ app_begin ] --END-- [ RunTime:0.000460s ]
SQL: SHOW COLUMNS FROM `zl_article` [ RunTime:0.0005s ]
SQL: SELECT * FROM `zl_article` WHERE `deleted` = 0 AND `disabled` = 0 ORDER BY created_time  [ RunTime:0.0001s ]
SQL: SHOW COLUMNS FROM `zl_index_display` [ RunTime:0.0004s ]
SQL: SELECT * FROM `zl_index_display` WHERE `deleted` = 0 AND `disabled` = 0 AND `position_id` = 1 ORDER BY created_time DESC LIMIT 1   [ RunTime:0.0001s ]
SQL: SELECT * FROM `zl_article` WHERE ( article_id =34 ) LIMIT 1   [ RunTime:0.0001s ]
INFO: [ view_parse ] --START--
INFO: [ template_filter ] --START--
INFO: Run Behavior\ContentReplaceBehavior [ RunTime:0.000066s ]
INFO: [ template_filter ] --END-- [ RunTime:0.000113s ]
INFO: Run Behavior\ParseTemplateBehavior [ RunTime:0.007113s ]
INFO: [ view_parse ] --END-- [ RunTime:0.007151s ]
INFO: [ view_filter ] --START--
INFO: Run Behavior\WriteHtmlCacheBehavior [ RunTime:0.000182s ]
INFO: [ view_filter ] --END-- [ RunTime:0.000212s ]
INFO: [ app_end ] --START--
INFO: Run Behavior\ShowPageTraceBehavior [ RunTime:0.000443s ]
INFO: [ app_end ] --END-- [ RunTime:0.000500s ]

