[ 2017-04-08T02:50:40+08:00 ] 101.226.89.123 /index.php/Index/getInfo
INFO: [ app_init ] --START--
INFO: Run Behavior\BuildLiteBehavior [ RunTime:0.000021s ]
INFO: [ app_init ] --END-- [ RunTime:0.000464s ]
INFO: [ app_begin ] --START--
INFO: Run Behavior\ReadHtmlCacheBehavior [ RunTime:0.000553s ]
INFO: [ app_begin ] --END-- [ RunTime:0.000616s ]
INFO: [ app_end ] --START--
INFO: Run Behavior\ShowPageTraceBehavior [ RunTime:0.000732s ]
INFO: [ app_end ] --END-- [ RunTime:0.000804s ]

[ 2017-04-08T02:51:07+08:00 ] 120.92.32.246 /index.php/Index/getInfo
INFO: [ app_init ] --START--
INFO: Run Behavior\BuildLiteBehavior [ RunTime:0.000016s ]
INFO: [ app_init ] --END-- [ RunTime:0.000301s ]
INFO: [ app_begin ] --START--
INFO: Run Behavior\ReadHtmlCacheBehavior [ RunTime:0.000401s ]
INFO: [ app_begin ] --END-- [ RunTime:0.000448s ]
INFO: [ app_end ] --START--
INFO: Run Behavior\ShowPageTraceBehavior [ RunTime:0.000421s ]
INFO: [ app_end ] --END-- [ RunTime:0.000475s ]

[ 2017-04-08T22:20:41+08:00 ] 101.85.44.108 /
INFO: [ app_init ] --START--
INFO: Run Behavior\BuildLiteBehavior [ RunTime:0.000014s ]
INFO: [ app_init ] --END-- [ RunTime:0.000313s ]
INFO: [ app_begin ] --START--
INFO: Run Behavior\ReadHtmlCacheBehavior [ RunTime:0.000411s ]
INFO: [ app_begin ] --END-- [ RunTime:0.000456s ]
SQL: SHOW COLUMNS FROM `zl_article` [ RunTime:0.0006s ]
SQL: SELECT * FROM `zl_article` WHERE `deleted` = 0 AND `disabled` = 0 ORDER BY created_time  [ RunTime:0.0001s ]
SQL: SHOW COLUMNS FROM `zl_index_display` [ RunTime:0.0005s ]
SQL: SELECT * FROM `zl_index_display` WHERE `deleted` = 0 AND `disabled` = 0 AND `position_id` = 1 ORDER BY created_time DESC LIMIT 1   [ RunTime:0.0001s ]
SQL: SELECT * FROM `zl_article` WHERE ( article_id =34 ) LIMIT 1   [ RunTime:0.0001s ]
INFO: [ view_parse ] --START--
INFO: [ template_filter ] --START--
INFO: Run Behavior\ContentReplaceBehavior [ RunTime:0.000096s ]
INFO: [ template_filter ] --END-- [ RunTime:0.000178s ]
INFO: Run Behavior\ParseTemplateBehavior [ RunTime:0.007880s ]
INFO: [ view_parse ] --END-- [ RunTime:0.007924s ]
INFO: [ view_filter ] --START--
INFO: Run Behavior\WriteHtmlCacheBehavior [ RunTime:0.000179s ]
INFO: [ view_filter ] --END-- [ RunTime:0.000219s ]
INFO: [ app_end ] --START--
INFO: Run Behavior\ShowPageTraceBehavior [ RunTime:0.000404s ]
INFO: [ app_end ] --END-- [ RunTime:0.000448s ]

[ 2017-04-08T22:47:39+08:00 ] 101.85.44.108 /
INFO: [ app_init ] --START--
INFO: Run Behavior\BuildLiteBehavior [ RunTime:0.000016s ]
INFO: [ app_init ] --END-- [ RunTime:0.000303s ]
INFO: [ app_begin ] --START--
INFO: Run Behavior\ReadHtmlCacheBehavior [ RunTime:0.000420s ]
INFO: [ app_begin ] --END-- [ RunTime:0.000459s ]
SQL: SHOW COLUMNS FROM `zl_article` [ RunTime:0.0008s ]
SQL: SELECT * FROM `zl_article` WHERE `deleted` = 0 AND `disabled` = 0 ORDER BY created_time  [ RunTime:0.0001s ]
SQL: SHOW COLUMNS FROM `zl_index_display` [ RunTime:0.0006s ]
SQL: SELECT * FROM `zl_index_display` WHERE `deleted` = 0 AND `disabled` = 0 AND `position_id` = 1 ORDER BY created_time DESC LIMIT 1   [ RunTime:0.0001s ]
SQL: SELECT * FROM `zl_article` WHERE ( article_id =34 ) LIMIT 1   [ RunTime:0.0001s ]
INFO: [ view_parse ] --START--
INFO: [ template_filter ] --START--
INFO: Run Behavior\ContentReplaceBehavior [ RunTime:0.000092s ]
INFO: [ template_filter ] --END-- [ RunTime:0.000168s ]
INFO: Run Behavior\ParseTemplateBehavior [ RunTime:0.009474s ]
INFO: [ view_parse ] --END-- [ RunTime:0.009518s ]
INFO: [ view_filter ] --START--
INFO: Run Behavior\WriteHtmlCacheBehavior [ RunTime:0.000179s ]
INFO: [ view_filter ] --END-- [ RunTime:0.000214s ]
INFO: [ app_end ] --START--
INFO: Run Behavior\ShowPageTraceBehavior [ RunTime:0.000630s ]
INFO: [ app_end ] --END-- [ RunTime:0.000691s ]

[ 2017-04-08T22:47:49+08:00 ] 101.85.44.108 /
INFO: [ app_init ] --START--
INFO: Run Behavior\BuildLiteBehavior [ RunTime:0.000022s ]
INFO: [ app_init ] --END-- [ RunTime:0.000452s ]
INFO: [ app_begin ] --START--
INFO: Run Behavior\ReadHtmlCacheBehavior [ RunTime:0.000563s ]
INFO: [ app_begin ] --END-- [ RunTime:0.000620s ]
SQL: SHOW COLUMNS FROM `zl_article` [ RunTime:0.0009s ]
SQL: SELECT * FROM `zl_article` WHERE `deleted` = 0 AND `disabled` = 0 ORDER BY created_time  [ RunTime:0.0001s ]
SQL: SHOW COLUMNS FROM `zl_index_display` [ RunTime:0.0006s ]
SQL: SELECT * FROM `zl_index_display` WHERE `deleted` = 0 AND `disabled` = 0 AND `position_id` = 1 ORDER BY created_time DESC LIMIT 1   [ RunTime:0.0001s ]
SQL: SELECT * FROM `zl_article` WHERE ( article_id =34 ) LIMIT 1   [ RunTime:0.0001s ]
INFO: [ view_parse ] --START--
INFO: [ template_filter ] --START--
INFO: Run Behavior\ContentReplaceBehavior [ RunTime:0.000076s ]
INFO: [ template_filter ] --END-- [ RunTime:0.000135s ]
INFO: Run Behavior\ParseTemplateBehavior [ RunTime:0.010857s ]
INFO: [ view_parse ] --END-- [ RunTime:0.010907s ]
INFO: [ view_filter ] --START--
INFO: Run Behavior\WriteHtmlCacheBehavior [ RunTime:0.000238s ]
INFO: [ view_filter ] --END-- [ RunTime:0.000269s ]
INFO: [ app_end ] --START--
INFO: Run Behavior\ShowPageTraceBehavior [ RunTime:0.000439s ]
INFO: [ app_end ] --END-- [ RunTime:0.000478s ]

[ 2017-04-08T22:48:35+08:00 ] 101.85.44.108 /
INFO: [ app_init ] --START--
INFO: Run Behavior\BuildLiteBehavior [ RunTime:0.000016s ]
INFO: [ app_init ] --END-- [ RunTime:0.000318s ]
INFO: [ app_begin ] --START--
INFO: Run Behavior\ReadHtmlCacheBehavior [ RunTime:0.000403s ]
INFO: [ app_begin ] --END-- [ RunTime:0.000620s ]
SQL: SHOW COLUMNS FROM `zl_article` [ RunTime:0.0006s ]
SQL: SELECT * FROM `zl_article` WHERE `deleted` = 0 AND `disabled` = 0 ORDER BY created_time  [ RunTime:0.0002s ]
SQL: SHOW COLUMNS FROM `zl_index_display` [ RunTime:0.0004s ]
SQL: SELECT * FROM `zl_index_display` WHERE `deleted` = 0 AND `disabled` = 0 AND `position_id` = 1 ORDER BY created_time DESC LIMIT 1   [ RunTime:0.0001s ]
SQL: SELECT * FROM `zl_article` WHERE ( article_id =34 ) LIMIT 1   [ RunTime:0.0001s ]
INFO: [ view_parse ] --START--
INFO: [ template_filter ] --START--
INFO: Run Behavior\ContentReplaceBehavior [ RunTime:0.000070s ]
INFO: [ template_filter ] --END-- [ RunTime:0.000133s ]
INFO: Run Behavior\ParseTemplateBehavior [ RunTime:0.007734s ]
INFO: [ view_parse ] --END-- [ RunTime:0.007774s ]
INFO: [ view_filter ] --START--
INFO: Run Behavior\WriteHtmlCacheBehavior [ RunTime:0.000190s ]
INFO: [ view_filter ] --END-- [ RunTime:0.000220s ]
INFO: [ app_end ] --START--
INFO: Run Behavior\ShowPageTraceBehavior [ RunTime:0.000467s ]
INFO: [ app_end ] --END-- [ RunTime:0.000511s ]

