[ 2017-06-28T02:22:04+08:00 ] 220.181.108.187 /
INFO: [ app_init ] --START--
INFO: Run Behavior\BuildLiteBehavior [ RunTime:0.000017s ]
INFO: [ app_init ] --END-- [ RunTime:0.000299s ]
INFO: [ app_begin ] --START--
INFO: Run Behavior\ReadHtmlCacheBehavior [ RunTime:0.000543s ]
INFO: [ app_begin ] --END-- [ RunTime:0.000599s ]
SQL: SHOW COLUMNS FROM `zl_article` [ RunTime:0.0006s ]
SQL: SELECT * FROM `zl_article` left join zl_article_category on zl_article_category.category_id = zl_article.category_id  WHERE zl_article.deleted = 0 AND zl_article.disabled = 0 ORDER BY zl_article.created_time  [ RunTime:0.0001s ]
NOTIC: [2] Missing argument 1 for Common\Model\ArticleModel::totalArticelCategoryList(), called in /www/web/blog/public_html/Application/Home/Controller/IndexController.class.php on line 18 and defined /www/web/blog/public_html/Application/Common/Model/ArticleModel.class.php 第 8 行.
NOTIC: [8] Undefined variable: categoryId /www/web/blog/public_html/Application/Common/Model/ArticleModel.class.php 第 13 行.
SQL: SELECT count(*) as article_num,zl_article_category.category_name,zl_article_category.category_id FROM `zl_article` left join zl_article_category on zl_article_category.category_id = zl_article.category_id  GROUP BY zl_article.category_id  [ RunTime:0.0001s ]
INFO: [ view_parse ] --START--
INFO: [ template_filter ] --START--
INFO: Run Behavior\ContentReplaceBehavior [ RunTime:0.000085s ]
INFO: [ template_filter ] --END-- [ RunTime:0.000141s ]
INFO: Run Behavior\ParseTemplateBehavior [ RunTime:0.008678s ]
INFO: [ view_parse ] --END-- [ RunTime:0.008738s ]
INFO: [ view_filter ] --START--
INFO: Run Behavior\WriteHtmlCacheBehavior [ RunTime:0.000216s ]
INFO: [ view_filter ] --END-- [ RunTime:0.000255s ]
INFO: [ app_end ] --START--
INFO: Run Behavior\ShowPageTraceBehavior [ RunTime:0.000436s ]
INFO: [ app_end ] --END-- [ RunTime:0.000486s ]

[ 2017-06-28T04:24:41+08:00 ] 42.236.10.76 /robots.txt
INFO: [ app_init ] --START--
INFO: Run Behavior\BuildLiteBehavior [ RunTime:0.000021s ]
INFO: [ app_init ] --END-- [ RunTime:0.000460s ]
INFO: [ app_begin ] --START--
INFO: Run Behavior\ReadHtmlCacheBehavior [ RunTime:0.000562s ]
INFO: [ app_begin ] --END-- [ RunTime:0.000618s ]
ERR: 无法加载控制器:Robots.txt

[ 2017-06-28T04:40:31+08:00 ] 113.108.10.5 /
INFO: [ app_init ] --START--
INFO: Run Behavior\BuildLiteBehavior [ RunTime:0.000021s ]
INFO: [ app_init ] --END-- [ RunTime:0.000486s ]
INFO: [ app_begin ] --START--
INFO: Run Behavior\ReadHtmlCacheBehavior [ RunTime:0.000581s ]
INFO: [ app_begin ] --END-- [ RunTime:0.000642s ]
SQL: SHOW COLUMNS FROM `zl_article` [ RunTime:0.0009s ]
SQL: SELECT * FROM `zl_article` left join zl_article_category on zl_article_category.category_id = zl_article.category_id  WHERE zl_article.deleted = 0 AND zl_article.disabled = 0 ORDER BY zl_article.created_time  [ RunTime:0.0001s ]
NOTIC: [2] Missing argument 1 for Common\Model\ArticleModel::totalArticelCategoryList(), called in /www/web/blog/public_html/Application/Home/Controller/IndexController.class.php on line 18 and defined /www/web/blog/public_html/Application/Common/Model/ArticleModel.class.php 第 8 行.
NOTIC: [8] Undefined variable: categoryId /www/web/blog/public_html/Application/Common/Model/ArticleModel.class.php 第 13 行.
SQL: SELECT count(*) as article_num,zl_article_category.category_name,zl_article_category.category_id FROM `zl_article` left join zl_article_category on zl_article_category.category_id = zl_article.category_id  GROUP BY zl_article.category_id  [ RunTime:0.0001s ]
INFO: [ view_parse ] --START--
INFO: [ template_filter ] --START--
INFO: Run Behavior\ContentReplaceBehavior [ RunTime:0.000111s ]
INFO: [ template_filter ] --END-- [ RunTime:0.000200s ]
INFO: Run Behavior\ParseTemplateBehavior [ RunTime:0.012675s ]
INFO: [ view_parse ] --END-- [ RunTime:0.012734s ]
INFO: [ view_filter ] --START--
INFO: Run Behavior\WriteHtmlCacheBehavior [ RunTime:0.000270s ]
INFO: [ view_filter ] --END-- [ RunTime:0.000318s ]
INFO: [ app_end ] --START--
INFO: Run Behavior\ShowPageTraceBehavior [ RunTime:0.000635s ]
INFO: [ app_end ] --END-- [ RunTime:0.000696s ]

[ 2017-06-28T06:06:54+08:00 ] 111.206.36.10 /
INFO: [ app_init ] --START--
INFO: Run Behavior\BuildLiteBehavior [ RunTime:0.000015s ]
INFO: [ app_init ] --END-- [ RunTime:0.000295s ]
INFO: [ app_begin ] --START--
INFO: Run Behavior\ReadHtmlCacheBehavior [ RunTime:0.000386s ]
INFO: [ app_begin ] --END-- [ RunTime:0.000426s ]
SQL: SHOW COLUMNS FROM `zl_article` [ RunTime:0.0007s ]
SQL: SELECT * FROM `zl_article` left join zl_article_category on zl_article_category.category_id = zl_article.category_id  WHERE zl_article.deleted = 0 AND zl_article.disabled = 0 ORDER BY zl_article.created_time  [ RunTime:0.0002s ]
NOTIC: [2] Missing argument 1 for Common\Model\ArticleModel::totalArticelCategoryList(), called in /www/web/blog/public_html/Application/Home/Controller/IndexController.class.php on line 18 and defined /www/web/blog/public_html/Application/Common/Model/ArticleModel.class.php 第 8 行.
NOTIC: [8] Undefined variable: categoryId /www/web/blog/public_html/Application/Common/Model/ArticleModel.class.php 第 13 行.
SQL: SELECT count(*) as article_num,zl_article_category.category_name,zl_article_category.category_id FROM `zl_article` left join zl_article_category on zl_article_category.category_id = zl_article.category_id  GROUP BY zl_article.category_id  [ RunTime:0.0001s ]
INFO: [ view_parse ] --START--
INFO: [ template_filter ] --START--
INFO: Run Behavior\ContentReplaceBehavior [ RunTime:0.000086s ]
INFO: [ template_filter ] --END-- [ RunTime:0.000148s ]
INFO: Run Behavior\ParseTemplateBehavior [ RunTime:0.008078s ]
INFO: [ view_parse ] --END-- [ RunTime:0.008120s ]
INFO: [ view_filter ] --START--
INFO: Run Behavior\WriteHtmlCacheBehavior [ RunTime:0.000179s ]
INFO: [ view_filter ] --END-- [ RunTime:0.000208s ]
INFO: [ app_end ] --START--
INFO: Run Behavior\ShowPageTraceBehavior [ RunTime:0.000388s ]
INFO: [ app_end ] --END-- [ RunTime:0.000426s ]

[ 2017-06-28T09:59:01+08:00 ] 220.181.51.91 /robots.txt
INFO: [ app_init ] --START--
INFO: Run Behavior\BuildLiteBehavior [ RunTime:0.000021s ]
INFO: [ app_init ] --END-- [ RunTime:0.000326s ]
INFO: [ app_begin ] --START--
INFO: Run Behavior\ReadHtmlCacheBehavior [ RunTime:0.000645s ]
INFO: [ app_begin ] --END-- [ RunTime:0.000737s ]
ERR: 无法加载控制器:Robots.txt

[ 2017-06-28T10:00:15+08:00 ] 123.125.71.34 /
INFO: [ app_init ] --START--
INFO: Run Behavior\BuildLiteBehavior [ RunTime:0.000022s ]
INFO: [ app_init ] --END-- [ RunTime:0.000486s ]
INFO: [ app_begin ] --START--
INFO: Run Behavior\ReadHtmlCacheBehavior [ RunTime:0.000587s ]
INFO: [ app_begin ] --END-- [ RunTime:0.000731s ]
SQL: SHOW COLUMNS FROM `zl_article` [ RunTime:0.0006s ]
SQL: SELECT * FROM `zl_article` left join zl_article_category on zl_article_category.category_id = zl_article.category_id  WHERE zl_article.deleted = 0 AND zl_article.disabled = 0 ORDER BY zl_article.created_time  [ RunTime:0.0002s ]
NOTIC: [2] Missing argument 1 for Common\Model\ArticleModel::totalArticelCategoryList(), called in /www/web/blog/public_html/Application/Home/Controller/IndexController.class.php on line 18 and defined /www/web/blog/public_html/Application/Common/Model/ArticleModel.class.php 第 8 行.
NOTIC: [8] Undefined variable: categoryId /www/web/blog/public_html/Application/Common/Model/ArticleModel.class.php 第 13 行.
SQL: SELECT count(*) as article_num,zl_article_category.category_name,zl_article_category.category_id FROM `zl_article` left join zl_article_category on zl_article_category.category_id = zl_article.category_id  GROUP BY zl_article.category_id  [ RunTime:0.0001s ]
INFO: [ view_parse ] --START--
INFO: [ template_filter ] --START--
INFO: Run Behavior\ContentReplaceBehavior [ RunTime:0.000079s ]
INFO: [ template_filter ] --END-- [ RunTime:0.000148s ]
INFO: Run Behavior\ParseTemplateBehavior [ RunTime:0.008804s ]
INFO: [ view_parse ] --END-- [ RunTime:0.008842s ]
INFO: [ view_filter ] --START--
INFO: Run Behavior\WriteHtmlCacheBehavior [ RunTime:0.000179s ]
INFO: [ view_filter ] --END-- [ RunTime:0.000231s ]
INFO: [ app_end ] --START--
INFO: Run Behavior\ShowPageTraceBehavior [ RunTime:0.000882s ]
INFO: [ app_end ] --END-- [ RunTime:0.000940s ]

[ 2017-06-28T16:15:40+08:00 ] 123.125.67.166 /robots.txt
INFO: [ app_init ] --START--
INFO: Run Behavior\BuildLiteBehavior [ RunTime:0.000017s ]
INFO: [ app_init ] --END-- [ RunTime:0.000343s ]
INFO: [ app_begin ] --START--
INFO: Run Behavior\ReadHtmlCacheBehavior [ RunTime:0.000550s ]
INFO: [ app_begin ] --END-- [ RunTime:0.000598s ]
ERR: 无法加载控制器:Robots.txt

[ 2017-06-28T18:03:10+08:00 ] 220.181.108.175 /
INFO: [ app_init ] --START--
INFO: Run Behavior\BuildLiteBehavior [ RunTime:0.000015s ]
INFO: [ app_init ] --END-- [ RunTime:0.000321s ]
INFO: [ app_begin ] --START--
INFO: Run Behavior\ReadHtmlCacheBehavior [ RunTime:0.000353s ]
INFO: [ app_begin ] --END-- [ RunTime:0.000391s ]
SQL: SHOW COLUMNS FROM `zl_article` [ RunTime:0.0005s ]
SQL: SELECT * FROM `zl_article` left join zl_article_category on zl_article_category.category_id = zl_article.category_id  WHERE zl_article.deleted = 0 AND zl_article.disabled = 0 ORDER BY zl_article.created_time  [ RunTime:0.0001s ]
NOTIC: [2] Missing argument 1 for Common\Model\ArticleModel::totalArticelCategoryList(), called in /www/web/blog/public_html/Application/Home/Controller/IndexController.class.php on line 18 and defined /www/web/blog/public_html/Application/Common/Model/ArticleModel.class.php 第 8 行.
NOTIC: [8] Undefined variable: categoryId /www/web/blog/public_html/Application/Common/Model/ArticleModel.class.php 第 13 行.
SQL: SELECT count(*) as article_num,zl_article_category.category_name,zl_article_category.category_id FROM `zl_article` left join zl_article_category on zl_article_category.category_id = zl_article.category_id  GROUP BY zl_article.category_id  [ RunTime:0.0001s ]
INFO: [ view_parse ] --START--
INFO: [ template_filter ] --START--
INFO: Run Behavior\ContentReplaceBehavior [ RunTime:0.000083s ]
INFO: [ template_filter ] --END-- [ RunTime:0.000148s ]
INFO: Run Behavior\ParseTemplateBehavior [ RunTime:0.008106s ]
INFO: [ view_parse ] --END-- [ RunTime:0.008153s ]
INFO: [ view_filter ] --START--
INFO: Run Behavior\WriteHtmlCacheBehavior [ RunTime:0.000182s ]
INFO: [ view_filter ] --END-- [ RunTime:0.000217s ]
INFO: [ app_end ] --START--
INFO: Run Behavior\ShowPageTraceBehavior [ RunTime:0.000461s ]
INFO: [ app_end ] --END-- [ RunTime:0.000502s ]

