[ 2017-04-23T01:58:00+08:00 ] 123.125.71.98 /
INFO: [ app_init ] --START--
INFO: Run Behavior\BuildLiteBehavior [ RunTime:0.000017s ]
INFO: [ app_init ] --END-- [ RunTime:0.000374s ]
INFO: [ app_begin ] --START--
INFO: Run Behavior\ReadHtmlCacheBehavior [ RunTime:0.000386s ]
INFO: [ app_begin ] --END-- [ RunTime:0.000435s ]
SQL: SHOW COLUMNS FROM `zl_article` [ RunTime:0.0007s ]
SQL: SELECT * FROM `zl_article` WHERE `deleted` = 0 AND `disabled` = 0 ORDER BY created_time  [ RunTime:0.0001s ]
SQL: SHOW COLUMNS FROM `zl_index_display` [ RunTime:0.0004s ]
SQL: SELECT * FROM `zl_index_display` WHERE `deleted` = 0 AND `disabled` = 0 AND `position_id` = 1 ORDER BY created_time DESC LIMIT 1   [ RunTime:0.0001s ]
SQL: SELECT * FROM `zl_article` WHERE ( article_id =34 ) LIMIT 1   [ RunTime:0.0001s ]
INFO: [ view_parse ] --START--
INFO: [ template_filter ] --START--
INFO: Run Behavior\ContentReplaceBehavior [ RunTime:0.000067s ]
INFO: [ template_filter ] --END-- [ RunTime:0.000113s ]
INFO: Run Behavior\ParseTemplateBehavior [ RunTime:0.007297s ]
INFO: [ view_parse ] --END-- [ RunTime:0.007337s ]
INFO: [ view_filter ] --START--
INFO: Run Behavior\WriteHtmlCacheBehavior [ RunTime:0.000177s ]
INFO: [ view_filter ] --END-- [ RunTime:0.000207s ]
INFO: [ app_end ] --START--
INFO: Run Behavior\ShowPageTraceBehavior [ RunTime:0.000527s ]
INFO: [ app_end ] --END-- [ RunTime:0.000591s ]

[ 2017-04-23T10:23:15+08:00 ] 220.181.108.122 /
INFO: [ app_init ] --START--
INFO: Run Behavior\BuildLiteBehavior [ RunTime:0.000013s ]
INFO: [ app_init ] --END-- [ RunTime:0.000277s ]
INFO: [ app_begin ] --START--
INFO: Run Behavior\ReadHtmlCacheBehavior [ RunTime:0.000365s ]
INFO: [ app_begin ] --END-- [ RunTime:0.000403s ]
SQL: SHOW COLUMNS FROM `zl_article` [ RunTime:0.0005s ]
SQL: SELECT * FROM `zl_article` WHERE `deleted` = 0 AND `disabled` = 0 ORDER BY created_time  [ RunTime:0.0001s ]
SQL: SHOW COLUMNS FROM `zl_index_display` [ RunTime:0.0003s ]
SQL: SELECT * FROM `zl_index_display` WHERE `deleted` = 0 AND `disabled` = 0 AND `position_id` = 1 ORDER BY created_time DESC LIMIT 1   [ RunTime:0.0001s ]
SQL: SELECT * FROM `zl_article` WHERE ( article_id =34 ) LIMIT 1   [ RunTime:0.0001s ]
INFO: [ view_parse ] --START--
INFO: [ template_filter ] --START--
INFO: Run Behavior\ContentReplaceBehavior [ RunTime:0.000064s ]
INFO: [ template_filter ] --END-- [ RunTime:0.000103s ]
INFO: Run Behavior\ParseTemplateBehavior [ RunTime:0.006806s ]
INFO: [ view_parse ] --END-- [ RunTime:0.006843s ]
INFO: [ view_filter ] --START--
INFO: Run Behavior\WriteHtmlCacheBehavior [ RunTime:0.000157s ]
INFO: [ view_filter ] --END-- [ RunTime:0.000187s ]
INFO: [ app_end ] --START--
INFO: Run Behavior\ShowPageTraceBehavior [ RunTime:0.000421s ]
INFO: [ app_end ] --END-- [ RunTime:0.000461s ]

[ 2017-04-23T18:16:16+08:00 ] 123.125.71.52 /
INFO: [ app_init ] --START--
INFO: Run Behavior\BuildLiteBehavior [ RunTime:0.000024s ]
INFO: [ app_init ] --END-- [ RunTime:0.000565s ]
INFO: [ app_begin ] --START--
INFO: Run Behavior\ReadHtmlCacheBehavior [ RunTime:0.000605s ]
INFO: [ app_begin ] --END-- [ RunTime:0.000667s ]
SQL: SHOW COLUMNS FROM `zl_article` [ RunTime:0.0008s ]
SQL: SELECT * FROM `zl_article` WHERE `deleted` = 0 AND `disabled` = 0 ORDER BY created_time  [ RunTime:0.0001s ]
SQL: SHOW COLUMNS FROM `zl_index_display` [ RunTime:0.0005s ]
SQL: SELECT * FROM `zl_index_display` WHERE `deleted` = 0 AND `disabled` = 0 AND `position_id` = 1 ORDER BY created_time DESC LIMIT 1   [ RunTime:0.0003s ]
SQL: SELECT * FROM `zl_article` WHERE ( article_id =34 ) LIMIT 1   [ RunTime:0.0002s ]
INFO: [ view_parse ] --START--
INFO: [ template_filter ] --START--
INFO: Run Behavior\ContentReplaceBehavior [ RunTime:0.000101s ]
INFO: [ template_filter ] --END-- [ RunTime:0.000186s ]
INFO: Run Behavior\ParseTemplateBehavior [ RunTime:0.012635s ]
INFO: [ view_parse ] --END-- [ RunTime:0.012706s ]
INFO: [ view_filter ] --START--
INFO: Run Behavior\WriteHtmlCacheBehavior [ RunTime:0.000268s ]
INFO: [ view_filter ] --END-- [ RunTime:0.000318s ]
INFO: [ app_end ] --START--
INFO: Run Behavior\ShowPageTraceBehavior [ RunTime:0.000659s ]
INFO: [ app_end ] --END-- [ RunTime:0.000775s ]

