[ 2017-06-30T02:15:37+08:00 ] 123.125.71.50 /
INFO: [ app_init ] --START--
INFO: Run Behavior\BuildLiteBehavior [ RunTime:0.000014s ]
INFO: [ app_init ] --END-- [ RunTime:0.000318s ]
INFO: [ app_begin ] --START--
INFO: Run Behavior\ReadHtmlCacheBehavior [ RunTime:0.000356s ]
INFO: [ app_begin ] --END-- [ RunTime:0.000401s ]
SQL: SHOW COLUMNS FROM `zl_article` [ RunTime:0.0006s ]
SQL: SELECT * FROM `zl_article` left join zl_article_category on zl_article_category.category_id = zl_article.category_id  WHERE zl_article.deleted = 0 AND zl_article.disabled = 0 ORDER BY zl_article.created_time  [ RunTime:0.0001s ]
NOTIC: [2] Missing argument 1 for Common\Model\ArticleModel::totalArticelCategoryList(), called in /www/web/blog/public_html/Application/Home/Controller/IndexController.class.php on line 18 and defined /www/web/blog/public_html/Application/Common/Model/ArticleModel.class.php 第 8 行.
NOTIC: [8] Undefined variable: categoryId /www/web/blog/public_html/Application/Common/Model/ArticleModel.class.php 第 13 行.
SQL: SELECT count(*) as article_num,zl_article_category.category_name,zl_article_category.category_id FROM `zl_article` left join zl_article_category on zl_article_category.category_id = zl_article.category_id  GROUP BY zl_article.category_id  [ RunTime:0.0001s ]
INFO: [ view_parse ] --START--
INFO: [ template_filter ] --START--
INFO: Run Behavior\ContentReplaceBehavior [ RunTime:0.000091s ]
INFO: [ template_filter ] --END-- [ RunTime:0.000140s ]
INFO: Run Behavior\ParseTemplateBehavior [ RunTime:0.007684s ]
INFO: [ view_parse ] --END-- [ RunTime:0.007723s ]
INFO: [ view_filter ] --START--
INFO: Run Behavior\WriteHtmlCacheBehavior [ RunTime:0.000190s ]
INFO: [ view_filter ] --END-- [ RunTime:0.000221s ]
INFO: [ app_end ] --START--
INFO: Run Behavior\ShowPageTraceBehavior [ RunTime:0.000425s ]
INFO: [ app_end ] --END-- [ RunTime:0.000464s ]

[ 2017-06-30T02:21:38+08:00 ] 46.229.164.100 /robots.txt
INFO: [ app_init ] --START--
INFO: Run Behavior\BuildLiteBehavior [ RunTime:0.000022s ]
INFO: [ app_init ] --END-- [ RunTime:0.000443s ]
INFO: [ app_begin ] --START--
INFO: Run Behavior\ReadHtmlCacheBehavior [ RunTime:0.000587s ]
INFO: [ app_begin ] --END-- [ RunTime:0.000648s ]
ERR: 无法加载控制器:Robots.txt

[ 2017-06-30T05:21:33+08:00 ] 14.17.21.58 /
INFO: [ app_init ] --START--
INFO: Run Behavior\BuildLiteBehavior [ RunTime:0.000021s ]
INFO: [ app_init ] --END-- [ RunTime:0.000341s ]
INFO: [ app_begin ] --START--
INFO: Run Behavior\ReadHtmlCacheBehavior [ RunTime:0.000560s ]
INFO: [ app_begin ] --END-- [ RunTime:0.000616s ]
SQL: SHOW COLUMNS FROM `zl_article` [ RunTime:0.0007s ]
SQL: SELECT * FROM `zl_article` left join zl_article_category on zl_article_category.category_id = zl_article.category_id  WHERE zl_article.deleted = 0 AND zl_article.disabled = 0 ORDER BY zl_article.created_time  [ RunTime:0.0001s ]
NOTIC: [2] Missing argument 1 for Common\Model\ArticleModel::totalArticelCategoryList(), called in /www/web/blog/public_html/Application/Home/Controller/IndexController.class.php on line 18 and defined /www/web/blog/public_html/Application/Common/Model/ArticleModel.class.php 第 8 行.
NOTIC: [8] Undefined variable: categoryId /www/web/blog/public_html/Application/Common/Model/ArticleModel.class.php 第 13 行.
SQL: SELECT count(*) as article_num,zl_article_category.category_name,zl_article_category.category_id FROM `zl_article` left join zl_article_category on zl_article_category.category_id = zl_article.category_id  GROUP BY zl_article.category_id  [ RunTime:0.0001s ]
INFO: [ view_parse ] --START--
INFO: [ template_filter ] --START--
INFO: Run Behavior\ContentReplaceBehavior [ RunTime:0.000082s ]
INFO: [ template_filter ] --END-- [ RunTime:0.000156s ]
INFO: Run Behavior\ParseTemplateBehavior [ RunTime:0.007730s ]
INFO: [ view_parse ] --END-- [ RunTime:0.007769s ]
INFO: [ view_filter ] --START--
INFO: Run Behavior\WriteHtmlCacheBehavior [ RunTime:0.000176s ]
INFO: [ view_filter ] --END-- [ RunTime:0.000218s ]
INFO: [ app_end ] --START--
INFO: Run Behavior\ShowPageTraceBehavior [ RunTime:0.000384s ]
INFO: [ app_end ] --END-- [ RunTime:0.000424s ]

[ 2017-06-30T06:03:07+08:00 ] 111.206.36.10 /
INFO: [ app_init ] --START--
INFO: Run Behavior\BuildLiteBehavior [ RunTime:0.000016s ]
INFO: [ app_init ] --END-- [ RunTime:0.000331s ]
INFO: [ app_begin ] --START--
INFO: Run Behavior\ReadHtmlCacheBehavior [ RunTime:0.000408s ]
INFO: [ app_begin ] --END-- [ RunTime:0.000464s ]
SQL: SHOW COLUMNS FROM `zl_article` [ RunTime:0.0006s ]
SQL: SELECT * FROM `zl_article` left join zl_article_category on zl_article_category.category_id = zl_article.category_id  WHERE zl_article.deleted = 0 AND zl_article.disabled = 0 ORDER BY zl_article.created_time  [ RunTime:0.0001s ]
NOTIC: [2] Missing argument 1 for Common\Model\ArticleModel::totalArticelCategoryList(), called in /www/web/blog/public_html/Application/Home/Controller/IndexController.class.php on line 18 and defined /www/web/blog/public_html/Application/Common/Model/ArticleModel.class.php 第 8 行.
NOTIC: [8] Undefined variable: categoryId /www/web/blog/public_html/Application/Common/Model/ArticleModel.class.php 第 13 行.
SQL: SELECT count(*) as article_num,zl_article_category.category_name,zl_article_category.category_id FROM `zl_article` left join zl_article_category on zl_article_category.category_id = zl_article.category_id  GROUP BY zl_article.category_id  [ RunTime:0.0001s ]
INFO: [ view_parse ] --START--
INFO: [ template_filter ] --START--
INFO: Run Behavior\ContentReplaceBehavior [ RunTime:0.000081s ]
INFO: [ template_filter ] --END-- [ RunTime:0.000155s ]
INFO: Run Behavior\ParseTemplateBehavior [ RunTime:0.008289s ]
INFO: [ view_parse ] --END-- [ RunTime:0.008328s ]
INFO: [ view_filter ] --START--
INFO: Run Behavior\WriteHtmlCacheBehavior [ RunTime:0.000184s ]
INFO: [ view_filter ] --END-- [ RunTime:0.000218s ]
INFO: [ app_end ] --START--
INFO: Run Behavior\ShowPageTraceBehavior [ RunTime:0.000411s ]
INFO: [ app_end ] --END-- [ RunTime:0.000449s ]

[ 2017-06-30T09:16:38+08:00 ] 42.236.103.66 /?/sort_type-unresponsive
INFO: [ app_init ] --START--
INFO: Run Behavior\BuildLiteBehavior [ RunTime:0.000017s ]
INFO: [ app_init ] --END-- [ RunTime:0.000336s ]
INFO: [ app_begin ] --START--
INFO: Run Behavior\ReadHtmlCacheBehavior [ RunTime:0.000401s ]
INFO: [ app_begin ] --END-- [ RunTime:0.000442s ]
SQL: SHOW COLUMNS FROM `zl_article` [ RunTime:0.0006s ]
SQL: SELECT * FROM `zl_article` left join zl_article_category on zl_article_category.category_id = zl_article.category_id  WHERE zl_article.deleted = 0 AND zl_article.disabled = 0 ORDER BY zl_article.created_time  [ RunTime:0.0001s ]
NOTIC: [2] Missing argument 1 for Common\Model\ArticleModel::totalArticelCategoryList(), called in /www/web/blog/public_html/Application/Home/Controller/IndexController.class.php on line 18 and defined /www/web/blog/public_html/Application/Common/Model/ArticleModel.class.php 第 8 行.
NOTIC: [8] Undefined variable: categoryId /www/web/blog/public_html/Application/Common/Model/ArticleModel.class.php 第 13 行.
SQL: SELECT count(*) as article_num,zl_article_category.category_name,zl_article_category.category_id FROM `zl_article` left join zl_article_category on zl_article_category.category_id = zl_article.category_id  GROUP BY zl_article.category_id  [ RunTime:0.0001s ]
INFO: [ view_parse ] --START--
INFO: [ template_filter ] --START--
INFO: Run Behavior\ContentReplaceBehavior [ RunTime:0.000078s ]
INFO: [ template_filter ] --END-- [ RunTime:0.000133s ]
INFO: Run Behavior\ParseTemplateBehavior [ RunTime:0.008290s ]
INFO: [ view_parse ] --END-- [ RunTime:0.008339s ]
INFO: [ view_filter ] --START--
INFO: Run Behavior\WriteHtmlCacheBehavior [ RunTime:0.000190s ]
INFO: [ view_filter ] --END-- [ RunTime:0.000224s ]
INFO: [ app_end ] --START--
INFO: Run Behavior\ShowPageTraceBehavior [ RunTime:0.000480s ]
INFO: [ app_end ] --END-- [ RunTime:0.000525s ]

[ 2017-06-30T09:16:39+08:00 ] 42.236.10.115 /?/sort_type-hot____category-1__day-7
INFO: [ app_init ] --START--
INFO: Run Behavior\BuildLiteBehavior [ RunTime:0.000015s ]
INFO: [ app_init ] --END-- [ RunTime:0.000338s ]
INFO: [ app_begin ] --START--
INFO: Run Behavior\ReadHtmlCacheBehavior [ RunTime:0.000430s ]
INFO: [ app_begin ] --END-- [ RunTime:0.000476s ]
SQL: SHOW COLUMNS FROM `zl_article` [ RunTime:0.0470s ]
SQL: SELECT * FROM `zl_article` left join zl_article_category on zl_article_category.category_id = zl_article.category_id  WHERE zl_article.deleted = 0 AND zl_article.disabled = 0 ORDER BY zl_article.created_time  [ RunTime:0.0002s ]
NOTIC: [2] Missing argument 1 for Common\Model\ArticleModel::totalArticelCategoryList(), called in /www/web/blog/public_html/Application/Home/Controller/IndexController.class.php on line 18 and defined /www/web/blog/public_html/Application/Common/Model/ArticleModel.class.php 第 8 行.
NOTIC: [8] Undefined variable: categoryId /www/web/blog/public_html/Application/Common/Model/ArticleModel.class.php 第 13 行.
SQL: SELECT count(*) as article_num,zl_article_category.category_name,zl_article_category.category_id FROM `zl_article` left join zl_article_category on zl_article_category.category_id = zl_article.category_id  GROUP BY zl_article.category_id  [ RunTime:0.0001s ]
INFO: [ view_parse ] --START--
INFO: [ template_filter ] --START--
INFO: Run Behavior\ContentReplaceBehavior [ RunTime:0.000129s ]
INFO: [ template_filter ] --END-- [ RunTime:0.000188s ]
INFO: Run Behavior\ParseTemplateBehavior [ RunTime:0.010982s ]
INFO: [ view_parse ] --END-- [ RunTime:0.011037s ]
INFO: [ view_filter ] --START--
INFO: Run Behavior\WriteHtmlCacheBehavior [ RunTime:0.000172s ]
INFO: [ view_filter ] --END-- [ RunTime:0.000201s ]
INFO: [ app_end ] --START--
INFO: Run Behavior\ShowPageTraceBehavior [ RunTime:0.000409s ]
INFO: [ app_end ] --END-- [ RunTime:0.000450s ]

[ 2017-06-30T09:16:39+08:00 ] 42.236.10.80 /?/question/1
INFO: [ app_init ] --START--
INFO: Run Behavior\BuildLiteBehavior [ RunTime:0.000022s ]
INFO: [ app_init ] --END-- [ RunTime:0.000347s ]
INFO: [ app_begin ] --START--
INFO: Run Behavior\ReadHtmlCacheBehavior [ RunTime:0.000384s ]
INFO: [ app_begin ] --END-- [ RunTime:0.000437s ]
SQL: SHOW COLUMNS FROM `zl_article` [ RunTime:0.0008s ]
SQL: SELECT * FROM `zl_article` left join zl_article_category on zl_article_category.category_id = zl_article.category_id  WHERE zl_article.deleted = 0 AND zl_article.disabled = 0 ORDER BY zl_article.created_time  [ RunTime:0.0001s ]
NOTIC: [2] Missing argument 1 for Common\Model\ArticleModel::totalArticelCategoryList(), called in /www/web/blog/public_html/Application/Home/Controller/IndexController.class.php on line 18 and defined /www/web/blog/public_html/Application/Common/Model/ArticleModel.class.php 第 8 行.
NOTIC: [8] Undefined variable: categoryId /www/web/blog/public_html/Application/Common/Model/ArticleModel.class.php 第 13 行.
SQL: SELECT count(*) as article_num,zl_article_category.category_name,zl_article_category.category_id FROM `zl_article` left join zl_article_category on zl_article_category.category_id = zl_article.category_id  GROUP BY zl_article.category_id  [ RunTime:0.0001s ]
INFO: [ view_parse ] --START--
INFO: [ template_filter ] --START--
INFO: Run Behavior\ContentReplaceBehavior [ RunTime:0.000129s ]
INFO: [ template_filter ] --END-- [ RunTime:0.000220s ]
INFO: Run Behavior\ParseTemplateBehavior [ RunTime:0.013675s ]
INFO: [ view_parse ] --END-- [ RunTime:0.013736s ]
INFO: [ view_filter ] --START--
INFO: Run Behavior\WriteHtmlCacheBehavior [ RunTime:0.000272s ]
INFO: [ view_filter ] --END-- [ RunTime:0.000318s ]
INFO: [ app_end ] --START--
INFO: Run Behavior\ShowPageTraceBehavior [ RunTime:0.000668s ]
INFO: [ app_end ] --END-- [ RunTime:0.000741s ]

[ 2017-06-30T09:16:40+08:00 ] 42.236.10.82 /?/
INFO: [ app_init ] --START--
INFO: Run Behavior\BuildLiteBehavior [ RunTime:0.000017s ]
INFO: [ app_init ] --END-- [ RunTime:0.000397s ]
INFO: [ app_begin ] --START--
INFO: Run Behavior\ReadHtmlCacheBehavior [ RunTime:0.000371s ]
INFO: [ app_begin ] --END-- [ RunTime:0.000410s ]
SQL: SHOW COLUMNS FROM `zl_article` [ RunTime:0.0007s ]
SQL: SELECT * FROM `zl_article` left join zl_article_category on zl_article_category.category_id = zl_article.category_id  WHERE zl_article.deleted = 0 AND zl_article.disabled = 0 ORDER BY zl_article.created_time  [ RunTime:0.0001s ]
NOTIC: [2] Missing argument 1 for Common\Model\ArticleModel::totalArticelCategoryList(), called in /www/web/blog/public_html/Application/Home/Controller/IndexController.class.php on line 18 and defined /www/web/blog/public_html/Application/Common/Model/ArticleModel.class.php 第 8 行.
NOTIC: [8] Undefined variable: categoryId /www/web/blog/public_html/Application/Common/Model/ArticleModel.class.php 第 13 行.
SQL: SELECT count(*) as article_num,zl_article_category.category_name,zl_article_category.category_id FROM `zl_article` left join zl_article_category on zl_article_category.category_id = zl_article.category_id  GROUP BY zl_article.category_id  [ RunTime:0.0001s ]
INFO: [ view_parse ] --START--
INFO: [ template_filter ] --START--
INFO: Run Behavior\ContentReplaceBehavior [ RunTime:0.000105s ]
INFO: [ template_filter ] --END-- [ RunTime:0.000168s ]
INFO: Run Behavior\ParseTemplateBehavior [ RunTime:0.008326s ]
INFO: [ view_parse ] --END-- [ RunTime:0.008367s ]
INFO: [ view_filter ] --START--
INFO: Run Behavior\WriteHtmlCacheBehavior [ RunTime:0.000170s ]
INFO: [ view_filter ] --END-- [ RunTime:0.000200s ]
INFO: [ app_end ] --START--
INFO: Run Behavior\ShowPageTraceBehavior [ RunTime:0.000506s ]
INFO: [ app_end ] --END-- [ RunTime:0.000545s ]

[ 2017-06-30T09:16:40+08:00 ] 42.236.10.81 /?/topic/MySQL
INFO: [ app_init ] --START--
INFO: Run Behavior\BuildLiteBehavior [ RunTime:0.000021s ]
INFO: [ app_init ] --END-- [ RunTime:0.000447s ]
INFO: [ app_begin ] --START--
INFO: Run Behavior\ReadHtmlCacheBehavior [ RunTime:0.000425s ]
INFO: [ app_begin ] --END-- [ RunTime:0.000473s ]
SQL: SHOW COLUMNS FROM `zl_article` [ RunTime:0.0005s ]
SQL: SELECT * FROM `zl_article` left join zl_article_category on zl_article_category.category_id = zl_article.category_id  WHERE zl_article.deleted = 0 AND zl_article.disabled = 0 ORDER BY zl_article.created_time  [ RunTime:0.0001s ]
NOTIC: [2] Missing argument 1 for Common\Model\ArticleModel::totalArticelCategoryList(), called in /www/web/blog/public_html/Application/Home/Controller/IndexController.class.php on line 18 and defined /www/web/blog/public_html/Application/Common/Model/ArticleModel.class.php 第 8 行.
NOTIC: [8] Undefined variable: categoryId /www/web/blog/public_html/Application/Common/Model/ArticleModel.class.php 第 13 行.
SQL: SELECT count(*) as article_num,zl_article_category.category_name,zl_article_category.category_id FROM `zl_article` left join zl_article_category on zl_article_category.category_id = zl_article.category_id  GROUP BY zl_article.category_id  [ RunTime:0.0001s ]
INFO: [ view_parse ] --START--
INFO: [ template_filter ] --START--
INFO: Run Behavior\ContentReplaceBehavior [ RunTime:0.000113s ]
INFO: [ template_filter ] --END-- [ RunTime:0.000361s ]
INFO: Run Behavior\ParseTemplateBehavior [ RunTime:0.011712s ]
INFO: [ view_parse ] --END-- [ RunTime:0.011763s ]
INFO: [ view_filter ] --START--
INFO: Run Behavior\WriteHtmlCacheBehavior [ RunTime:0.000273s ]
INFO: [ view_filter ] --END-- [ RunTime:0.000318s ]
INFO: [ app_end ] --START--
INFO: Run Behavior\ShowPageTraceBehavior [ RunTime:0.000438s ]
INFO: [ app_end ] --END-- [ RunTime:0.000481s ]

[ 2017-06-30T09:16:41+08:00 ] 42.236.10.109 /?/sort_type-hot__day-7
INFO: [ app_init ] --START--
INFO: Run Behavior\BuildLiteBehavior [ RunTime:0.000111s ]
INFO: [ app_init ] --END-- [ RunTime:0.000547s ]
INFO: [ app_begin ] --START--
INFO: Run Behavior\ReadHtmlCacheBehavior [ RunTime:0.000552s ]
INFO: [ app_begin ] --END-- [ RunTime:0.000620s ]
SQL: SHOW COLUMNS FROM `zl_article` [ RunTime:0.0006s ]
SQL: SELECT * FROM `zl_article` left join zl_article_category on zl_article_category.category_id = zl_article.category_id  WHERE zl_article.deleted = 0 AND zl_article.disabled = 0 ORDER BY zl_article.created_time  [ RunTime:0.0001s ]
NOTIC: [2] Missing argument 1 for Common\Model\ArticleModel::totalArticelCategoryList(), called in /www/web/blog/public_html/Application/Home/Controller/IndexController.class.php on line 18 and defined /www/web/blog/public_html/Application/Common/Model/ArticleModel.class.php 第 8 行.
NOTIC: [8] Undefined variable: categoryId /www/web/blog/public_html/Application/Common/Model/ArticleModel.class.php 第 13 行.
SQL: SELECT count(*) as article_num,zl_article_category.category_name,zl_article_category.category_id FROM `zl_article` left join zl_article_category on zl_article_category.category_id = zl_article.category_id  GROUP BY zl_article.category_id  [ RunTime:0.0001s ]
INFO: [ view_parse ] --START--
INFO: [ template_filter ] --START--
INFO: Run Behavior\ContentReplaceBehavior [ RunTime:0.000095s ]
INFO: [ template_filter ] --END-- [ RunTime:0.000154s ]
INFO: Run Behavior\ParseTemplateBehavior [ RunTime:0.009633s ]
INFO: [ view_parse ] --END-- [ RunTime:0.009684s ]
INFO: [ view_filter ] --START--
INFO: Run Behavior\WriteHtmlCacheBehavior [ RunTime:0.000193s ]
INFO: [ view_filter ] --END-- [ RunTime:0.000225s ]
INFO: [ app_end ] --START--
INFO: Run Behavior\ShowPageTraceBehavior [ RunTime:0.000660s ]
INFO: [ app_end ] --END-- [ RunTime:0.000709s ]

[ 2017-06-30T09:16:41+08:00 ] 42.236.55.41 /?/sort_type-hot____day-7
INFO: [ app_init ] --START--
INFO: Run Behavior\BuildLiteBehavior [ RunTime:0.000020s ]
INFO: [ app_init ] --END-- [ RunTime:0.000396s ]
INFO: [ app_begin ] --START--
INFO: Run Behavior\ReadHtmlCacheBehavior [ RunTime:0.000572s ]
INFO: [ app_begin ] --END-- [ RunTime:0.000633s ]
SQL: SHOW COLUMNS FROM `zl_article` [ RunTime:0.0005s ]
SQL: SELECT * FROM `zl_article` left join zl_article_category on zl_article_category.category_id = zl_article.category_id  WHERE zl_article.deleted = 0 AND zl_article.disabled = 0 ORDER BY zl_article.created_time  [ RunTime:0.0001s ]
NOTIC: [2] Missing argument 1 for Common\Model\ArticleModel::totalArticelCategoryList(), called in /www/web/blog/public_html/Application/Home/Controller/IndexController.class.php on line 18 and defined /www/web/blog/public_html/Application/Common/Model/ArticleModel.class.php 第 8 行.
NOTIC: [8] Undefined variable: categoryId /www/web/blog/public_html/Application/Common/Model/ArticleModel.class.php 第 13 行.
SQL: SELECT count(*) as article_num,zl_article_category.category_name,zl_article_category.category_id FROM `zl_article` left join zl_article_category on zl_article_category.category_id = zl_article.category_id  GROUP BY zl_article.category_id  [ RunTime:0.0001s ]
INFO: [ view_parse ] --START--
INFO: [ template_filter ] --START--
INFO: Run Behavior\ContentReplaceBehavior [ RunTime:0.000083s ]
INFO: [ template_filter ] --END-- [ RunTime:0.000131s ]
INFO: Run Behavior\ParseTemplateBehavior [ RunTime:0.008574s ]
INFO: [ view_parse ] --END-- [ RunTime:0.008625s ]
INFO: [ view_filter ] --START--
INFO: Run Behavior\WriteHtmlCacheBehavior [ RunTime:0.000168s ]
INFO: [ view_filter ] --END-- [ RunTime:0.000198s ]
INFO: [ app_end ] --START--
INFO: Run Behavior\ShowPageTraceBehavior [ RunTime:0.000423s ]
INFO: [ app_end ] --END-- [ RunTime:0.000471s ]

[ 2017-06-30T09:16:42+08:00 ] 42.236.54.42 /?/people/topic_id-3
INFO: [ app_init ] --START--
INFO: Run Behavior\BuildLiteBehavior [ RunTime:0.000015s ]
INFO: [ app_init ] --END-- [ RunTime:0.000296s ]
INFO: [ app_begin ] --START--
INFO: Run Behavior\ReadHtmlCacheBehavior [ RunTime:0.000352s ]
INFO: [ app_begin ] --END-- [ RunTime:0.000399s ]
SQL: SHOW COLUMNS FROM `zl_article` [ RunTime:0.0006s ]
SQL: SELECT * FROM `zl_article` left join zl_article_category on zl_article_category.category_id = zl_article.category_id  WHERE zl_article.deleted = 0 AND zl_article.disabled = 0 ORDER BY zl_article.created_time  [ RunTime:0.0001s ]
NOTIC: [2] Missing argument 1 for Common\Model\ArticleModel::totalArticelCategoryList(), called in /www/web/blog/public_html/Application/Home/Controller/IndexController.class.php on line 18 and defined /www/web/blog/public_html/Application/Common/Model/ArticleModel.class.php 第 8 行.
NOTIC: [8] Undefined variable: categoryId /www/web/blog/public_html/Application/Common/Model/ArticleModel.class.php 第 13 行.
SQL: SELECT count(*) as article_num,zl_article_category.category_name,zl_article_category.category_id FROM `zl_article` left join zl_article_category on zl_article_category.category_id = zl_article.category_id  GROUP BY zl_article.category_id  [ RunTime:0.0001s ]
INFO: [ view_parse ] --START--
INFO: [ template_filter ] --START--
INFO: Run Behavior\ContentReplaceBehavior [ RunTime:0.000098s ]
INFO: [ template_filter ] --END-- [ RunTime:0.000150s ]
INFO: Run Behavior\ParseTemplateBehavior [ RunTime:0.007637s ]
INFO: [ view_parse ] --END-- [ RunTime:0.007676s ]
INFO: [ view_filter ] --START--
INFO: Run Behavior\WriteHtmlCacheBehavior [ RunTime:0.000158s ]
INFO: [ view_filter ] --END-- [ RunTime:0.000187s ]
INFO: [ app_end ] --START--
INFO: Run Behavior\ShowPageTraceBehavior [ RunTime:0.000616s ]
INFO: [ app_end ] --END-- [ RunTime:0.000674s ]

[ 2017-06-30T09:50:10+08:00 ] 180.173.180.67 /index.php/Article/detail?article_id=36
INFO: [ app_init ] --START--
INFO: Run Behavior\BuildLiteBehavior [ RunTime:0.000016s ]
INFO: [ app_init ] --END-- [ RunTime:0.000348s ]
INFO: [ app_begin ] --START--
INFO: Run Behavior\ReadHtmlCacheBehavior [ RunTime:0.000478s ]
INFO: [ app_begin ] --END-- [ RunTime:0.000524s ]
SQL: SHOW COLUMNS FROM `zl_article` [ RunTime:0.0007s ]
SQL: SELECT * FROM `zl_article` WHERE ( article_id =36 ) LIMIT 1   [ RunTime:0.0001s ]
INFO: [ view_parse ] --START--
INFO: [ template_filter ] --START--
INFO: Run Behavior\ContentReplaceBehavior [ RunTime:0.000072s ]
INFO: [ template_filter ] --END-- [ RunTime:0.000129s ]
INFO: Run Behavior\ParseTemplateBehavior [ RunTime:0.007508s ]
INFO: [ view_parse ] --END-- [ RunTime:0.007555s ]
INFO: [ view_filter ] --START--
INFO: Run Behavior\WriteHtmlCacheBehavior [ RunTime:0.000162s ]
INFO: [ view_filter ] --END-- [ RunTime:0.000192s ]
INFO: [ app_end ] --START--
INFO: Run Behavior\ShowPageTraceBehavior [ RunTime:0.000440s ]
INFO: [ app_end ] --END-- [ RunTime:0.000476s ]

[ 2017-06-30T09:50:10+08:00 ] 180.173.180.67 /index.php/Article/favicon.ico
INFO: [ app_init ] --START--
INFO: Run Behavior\BuildLiteBehavior [ RunTime:0.000019s ]
INFO: [ app_init ] --END-- [ RunTime:0.000314s ]

[ 2017-06-30T09:50:13+08:00 ] 180.173.180.67 /
INFO: [ app_init ] --START--
INFO: Run Behavior\BuildLiteBehavior [ RunTime:0.000015s ]
INFO: [ app_init ] --END-- [ RunTime:0.000318s ]
INFO: [ app_begin ] --START--
INFO: Run Behavior\ReadHtmlCacheBehavior [ RunTime:0.000390s ]
INFO: [ app_begin ] --END-- [ RunTime:0.000433s ]
SQL: SHOW COLUMNS FROM `zl_article` [ RunTime:0.0006s ]
SQL: SELECT * FROM `zl_article` left join zl_article_category on zl_article_category.category_id = zl_article.category_id  WHERE zl_article.deleted = 0 AND zl_article.disabled = 0 ORDER BY zl_article.created_time  [ RunTime:0.0001s ]
NOTIC: [2] Missing argument 1 for Common\Model\ArticleModel::totalArticelCategoryList(), called in /www/web/blog/public_html/Application/Home/Controller/IndexController.class.php on line 18 and defined /www/web/blog/public_html/Application/Common/Model/ArticleModel.class.php 第 8 行.
NOTIC: [8] Undefined variable: categoryId /www/web/blog/public_html/Application/Common/Model/ArticleModel.class.php 第 13 行.
SQL: SELECT count(*) as article_num,zl_article_category.category_name,zl_article_category.category_id FROM `zl_article` left join zl_article_category on zl_article_category.category_id = zl_article.category_id  GROUP BY zl_article.category_id  [ RunTime:0.0001s ]
INFO: [ view_parse ] --START--
INFO: [ template_filter ] --START--
INFO: Run Behavior\ContentReplaceBehavior [ RunTime:0.000071s ]
INFO: [ template_filter ] --END-- [ RunTime:0.000112s ]
INFO: Run Behavior\ParseTemplateBehavior [ RunTime:0.007770s ]
INFO: [ view_parse ] --END-- [ RunTime:0.007808s ]
INFO: [ view_filter ] --START--
INFO: Run Behavior\WriteHtmlCacheBehavior [ RunTime:0.000161s ]
INFO: [ view_filter ] --END-- [ RunTime:0.000191s ]
INFO: [ app_end ] --START--
INFO: Run Behavior\ShowPageTraceBehavior [ RunTime:0.000413s ]
INFO: [ app_end ] --END-- [ RunTime:0.000451s ]

[ 2017-06-30T09:50:13+08:00 ] 180.173.180.67 /favicon.ico
INFO: [ app_init ] --START--
INFO: Run Behavior\BuildLiteBehavior [ RunTime:0.000017s ]
INFO: [ app_init ] --END-- [ RunTime:0.000388s ]

[ 2017-06-30T09:50:19+08:00 ] 101.226.99.195 /index.php/Article/detail?article_id=36
INFO: [ app_init ] --START--
INFO: Run Behavior\BuildLiteBehavior [ RunTime:0.000016s ]
INFO: [ app_init ] --END-- [ RunTime:0.000355s ]
INFO: [ app_begin ] --START--
INFO: Run Behavior\ReadHtmlCacheBehavior [ RunTime:0.000493s ]
INFO: [ app_begin ] --END-- [ RunTime:0.000542s ]
INFO: [ view_parse ] --START--
INFO: [ template_filter ] --START--
INFO: Run Behavior\ContentReplaceBehavior [ RunTime:0.000083s ]
INFO: [ template_filter ] --END-- [ RunTime:0.000147s ]
INFO: Run Behavior\ParseTemplateBehavior [ RunTime:0.006306s ]
INFO: [ view_parse ] --END-- [ RunTime:0.006347s ]
INFO: [ view_filter ] --START--
INFO: Run Behavior\WriteHtmlCacheBehavior [ RunTime:0.000187s ]
INFO: [ view_filter ] --END-- [ RunTime:0.000257s ]
INFO: [ app_end ] --START--
INFO: Run Behavior\ShowPageTraceBehavior [ RunTime:0.000450s ]
INFO: [ app_end ] --END-- [ RunTime:0.000503s ]

[ 2017-06-30T10:02:37+08:00 ] 123.125.71.117 /
INFO: [ app_init ] --START--
INFO: Run Behavior\BuildLiteBehavior [ RunTime:0.000015s ]
INFO: [ app_init ] --END-- [ RunTime:0.000326s ]
INFO: [ app_begin ] --START--
INFO: Run Behavior\ReadHtmlCacheBehavior [ RunTime:0.000354s ]
INFO: [ app_begin ] --END-- [ RunTime:0.000394s ]
SQL: SHOW COLUMNS FROM `zl_article` [ RunTime:0.0005s ]
SQL: SELECT * FROM `zl_article` left join zl_article_category on zl_article_category.category_id = zl_article.category_id  WHERE zl_article.deleted = 0 AND zl_article.disabled = 0 ORDER BY zl_article.created_time  [ RunTime:0.0002s ]
NOTIC: [2] Missing argument 1 for Common\Model\ArticleModel::totalArticelCategoryList(), called in /www/web/blog/public_html/Application/Home/Controller/IndexController.class.php on line 18 and defined /www/web/blog/public_html/Application/Common/Model/ArticleModel.class.php 第 8 行.
NOTIC: [8] Undefined variable: categoryId /www/web/blog/public_html/Application/Common/Model/ArticleModel.class.php 第 13 行.
SQL: SELECT count(*) as article_num,zl_article_category.category_name,zl_article_category.category_id FROM `zl_article` left join zl_article_category on zl_article_category.category_id = zl_article.category_id  GROUP BY zl_article.category_id  [ RunTime:0.0001s ]
INFO: [ view_parse ] --START--
INFO: [ template_filter ] --START--
INFO: Run Behavior\ContentReplaceBehavior [ RunTime:0.000089s ]
INFO: [ template_filter ] --END-- [ RunTime:0.000154s ]
INFO: Run Behavior\ParseTemplateBehavior [ RunTime:0.009296s ]
INFO: [ view_parse ] --END-- [ RunTime:0.009340s ]
INFO: [ view_filter ] --START--
INFO: Run Behavior\WriteHtmlCacheBehavior [ RunTime:0.000206s ]
INFO: [ view_filter ] --END-- [ RunTime:0.000245s ]
INFO: [ app_end ] --START--
INFO: Run Behavior\ShowPageTraceBehavior [ RunTime:0.000826s ]
INFO: [ app_end ] --END-- [ RunTime:0.000878s ]

[ 2017-06-30T11:30:25+08:00 ] 127.0.0.1 /
INFO: [ app_init ] --START--
INFO: Run Behavior\BuildLiteBehavior [ RunTime:0.000060s ]
INFO: [ app_init ] --END-- [ RunTime:0.000975s ]
INFO: [ app_begin ] --START--
INFO: Run Behavior\ReadHtmlCacheBehavior [ RunTime:0.000943s ]
INFO: [ app_begin ] --END-- [ RunTime:0.001144s ]
SQL: SHOW COLUMNS FROM `zl_article` [ RunTime:0.0390s ]
SQL: SELECT * FROM `zl_article` left join zl_article_category on zl_article_category.category_id = zl_article.category_id  WHERE zl_article.deleted = 0 AND zl_article.disabled = 0 ORDER BY zl_article.created_time  [ RunTime:0.0632s ]
NOTIC: [2] Missing argument 1 for Common\Model\ArticleModel::totalArticelCategoryList(), called in D:\zblog\Application\Home\Controller\IndexController.class.php on line 18 and defined D:\zblog\Application\Common\Model\ArticleModel.class.php 第 8 行.
NOTIC: [8] Undefined variable: categoryId D:\zblog\Application\Common\Model\ArticleModel.class.php 第 13 行.
SQL: SELECT count(*) as article_num,zl_article_category.category_name,zl_article_category.category_id FROM `zl_article` left join zl_article_category on zl_article_category.category_id = zl_article.category_id  GROUP BY zl_article.category_id  [ RunTime:0.0730s ]
INFO: [ view_parse ] --START--
INFO: [ template_filter ] --START--
INFO: Run Behavior\ContentReplaceBehavior [ RunTime:0.000164s ]
INFO: [ template_filter ] --END-- [ RunTime:0.000340s ]
INFO: Run Behavior\ParseTemplateBehavior [ RunTime:0.023311s ]
INFO: [ view_parse ] --END-- [ RunTime:0.023473s ]
INFO: [ view_filter ] --START--
INFO: Run Behavior\WriteHtmlCacheBehavior [ RunTime:0.000600s ]
INFO: [ view_filter ] --END-- [ RunTime:0.000735s ]
INFO: [ app_end ] --START--
INFO: Run Behavior\ShowPageTraceBehavior [ RunTime:0.000989s ]
INFO: [ app_end ] --END-- [ RunTime:0.001171s ]

[ 2017-06-30T11:40:52+08:00 ] 127.0.0.1 /
INFO: [ app_init ] --START--
INFO: Run Behavior\BuildLiteBehavior [ RunTime:0.000093s ]
INFO: [ app_init ] --END-- [ RunTime:0.001246s ]
INFO: [ app_begin ] --START--
INFO: Run Behavior\ReadHtmlCacheBehavior [ RunTime:0.001187s ]
INFO: [ app_begin ] --END-- [ RunTime:0.001507s ]
SQL: SHOW COLUMNS FROM `zl_article` [ RunTime:0.0298s ]
SQL: SELECT * FROM `zl_article` left join zl_article_category on zl_article_category.category_id = zl_article.category_id  WHERE zl_article.deleted = 0 AND zl_article.disabled = 0 ORDER BY zl_article.created_time  [ RunTime:0.0008s ]
NOTIC: [2] Missing argument 1 for Common\Model\ArticleModel::totalArticelCategoryList(), called in D:\zblog\Application\Home\Controller\IndexController.class.php on line 18 and defined D:\zblog\Application\Common\Model\ArticleModel.class.php 第 8 行.
NOTIC: [8] Undefined variable: categoryId D:\zblog\Application\Common\Model\ArticleModel.class.php 第 13 行.
SQL: SELECT count(*) as article_num,zl_article_category.category_name,zl_article_category.category_id FROM `zl_article` left join zl_article_category on zl_article_category.category_id = zl_article.category_id  GROUP BY zl_article.category_id  [ RunTime:0.0010s ]
INFO: [ view_parse ] --START--
INFO: [ template_filter ] --START--
INFO: Run Behavior\ContentReplaceBehavior [ RunTime:0.000162s ]
INFO: [ template_filter ] --END-- [ RunTime:0.000356s ]
INFO: Run Behavior\ParseTemplateBehavior [ RunTime:0.027732s ]
INFO: [ view_parse ] --END-- [ RunTime:0.027985s ]
INFO: [ view_filter ] --START--
INFO: Run Behavior\WriteHtmlCacheBehavior [ RunTime:0.000912s ]
INFO: [ view_filter ] --END-- [ RunTime:0.001185s ]
INFO: [ app_end ] --START--
INFO: Run Behavior\ShowPageTraceBehavior [ RunTime:0.000998s ]
INFO: [ app_end ] --END-- [ RunTime:0.001243s ]

