[ 2017-05-21T00:04:50+08:00 ] 42.236.101.194 /
INFO: [ app_init ] --START--
INFO: Run Behavior\BuildLiteBehavior [ RunTime:0.000017s ]
INFO: [ app_init ] --END-- [ RunTime:0.000356s ]
INFO: [ app_begin ] --START--
INFO: Run Behavior\ReadHtmlCacheBehavior [ RunTime:0.000441s ]
INFO: [ app_begin ] --END-- [ RunTime:0.000483s ]
SQL: SHOW COLUMNS FROM `zl_article` [ RunTime:0.0006s ]
SQL: SELECT * FROM `zl_article` WHERE `deleted` = 0 AND `disabled` = 0 ORDER BY created_time  [ RunTime:0.0001s ]
SQL: SHOW COLUMNS FROM `zl_index_display` [ RunTime:0.0004s ]
SQL: SELECT * FROM `zl_index_display` WHERE `deleted` = 0 AND `disabled` = 0 AND `position_id` = 1 ORDER BY created_time DESC LIMIT 1   [ RunTime:0.0001s ]
SQL: SELECT * FROM `zl_article` WHERE ( article_id =34 ) LIMIT 1   [ RunTime:0.0001s ]
INFO: [ view_parse ] --START--
INFO: [ template_filter ] --START--
INFO: Run Behavior\ContentReplaceBehavior [ RunTime:0.000081s ]
INFO: [ template_filter ] --END-- [ RunTime:0.000140s ]
INFO: Run Behavior\ParseTemplateBehavior [ RunTime:0.007858s ]
INFO: [ view_parse ] --END-- [ RunTime:0.007903s ]
INFO: [ view_filter ] --START--
INFO: Run Behavior\WriteHtmlCacheBehavior [ RunTime:0.000161s ]
INFO: [ view_filter ] --END-- [ RunTime:0.000191s ]
INFO: [ app_end ] --START--
INFO: Run Behavior\ShowPageTraceBehavior [ RunTime:0.000446s ]
INFO: [ app_end ] --END-- [ RunTime:0.000491s ]

[ 2017-05-21T00:04:51+08:00 ] 42.236.99.86 /index.php/DailyPie/wechat
INFO: [ app_init ] --START--
INFO: Run Behavior\BuildLiteBehavior [ RunTime:0.000016s ]
INFO: [ app_init ] --END-- [ RunTime:0.000472s ]
INFO: [ app_begin ] --START--
INFO: Run Behavior\ReadHtmlCacheBehavior [ RunTime:0.000462s ]
INFO: [ app_begin ] --END-- [ RunTime:0.000510s ]
INFO: [ view_parse ] --START--
INFO: [ template_filter ] --START--
INFO: Run Behavior\ContentReplaceBehavior [ RunTime:0.000079s ]
INFO: [ template_filter ] --END-- [ RunTime:0.000145s ]
INFO: Run Behavior\ParseTemplateBehavior [ RunTime:0.007635s ]
INFO: [ view_parse ] --END-- [ RunTime:0.007709s ]
INFO: [ view_filter ] --START--
INFO: Run Behavior\WriteHtmlCacheBehavior [ RunTime:0.000226s ]
INFO: [ view_filter ] --END-- [ RunTime:0.000269s ]
INFO: [ app_end ] --START--
INFO: Run Behavior\ShowPageTraceBehavior [ RunTime:0.000390s ]
INFO: [ app_end ] --END-- [ RunTime:0.000431s ]

[ 2017-05-21T00:04:51+08:00 ] 42.236.99.58 /?/category-1__sort_type-hot__day-7
INFO: [ app_init ] --START--
INFO: Run Behavior\BuildLiteBehavior [ RunTime:0.000023s ]
INFO: [ app_init ] --END-- [ RunTime:0.000455s ]
INFO: [ app_begin ] --START--
INFO: Run Behavior\ReadHtmlCacheBehavior [ RunTime:0.000365s ]
INFO: [ app_begin ] --END-- [ RunTime:0.000405s ]
SQL: SHOW COLUMNS FROM `zl_article` [ RunTime:0.0006s ]
SQL: SELECT * FROM `zl_article` WHERE `deleted` = 0 AND `disabled` = 0 ORDER BY created_time  [ RunTime:0.0002s ]
SQL: SHOW COLUMNS FROM `zl_index_display` [ RunTime:0.0004s ]
SQL: SELECT * FROM `zl_index_display` WHERE `deleted` = 0 AND `disabled` = 0 AND `position_id` = 1 ORDER BY created_time DESC LIMIT 1   [ RunTime:0.0001s ]
SQL: SELECT * FROM `zl_article` WHERE ( article_id =34 ) LIMIT 1   [ RunTime:0.0001s ]
INFO: [ view_parse ] --START--
INFO: [ template_filter ] --START--
INFO: Run Behavior\ContentReplaceBehavior [ RunTime:0.000103s ]
INFO: [ template_filter ] --END-- [ RunTime:0.000186s ]
INFO: Run Behavior\ParseTemplateBehavior [ RunTime:0.009371s ]
INFO: [ view_parse ] --END-- [ RunTime:0.009432s ]
INFO: [ view_filter ] --START--
INFO: Run Behavior\WriteHtmlCacheBehavior [ RunTime:0.000206s ]
INFO: [ view_filter ] --END-- [ RunTime:0.000252s ]
INFO: [ app_end ] --START--
INFO: Run Behavior\ShowPageTraceBehavior [ RunTime:0.000457s ]
INFO: [ app_end ] --END-- [ RunTime:0.000513s ]

[ 2017-05-21T00:04:51+08:00 ] 42.236.101.194 /?/account/register/
INFO: [ app_init ] --START--
INFO: Run Behavior\BuildLiteBehavior [ RunTime:0.000017s ]
INFO: [ app_init ] --END-- [ RunTime:0.000289s ]
INFO: [ app_begin ] --START--
INFO: Run Behavior\ReadHtmlCacheBehavior [ RunTime:0.000356s ]
INFO: [ app_begin ] --END-- [ RunTime:0.000395s ]
SQL: SHOW COLUMNS FROM `zl_article` [ RunTime:0.0006s ]
SQL: SELECT * FROM `zl_article` WHERE `deleted` = 0 AND `disabled` = 0 ORDER BY created_time  [ RunTime:0.0001s ]
SQL: SHOW COLUMNS FROM `zl_index_display` [ RunTime:0.0003s ]
SQL: SELECT * FROM `zl_index_display` WHERE `deleted` = 0 AND `disabled` = 0 AND `position_id` = 1 ORDER BY created_time DESC LIMIT 1   [ RunTime:0.0001s ]
SQL: SELECT * FROM `zl_article` WHERE ( article_id =34 ) LIMIT 1   [ RunTime:0.0001s ]
INFO: [ view_parse ] --START--
INFO: [ template_filter ] --START--
INFO: Run Behavior\ContentReplaceBehavior [ RunTime:0.000071s ]
INFO: [ template_filter ] --END-- [ RunTime:0.000120s ]
INFO: Run Behavior\ParseTemplateBehavior [ RunTime:0.006848s ]
INFO: [ view_parse ] --END-- [ RunTime:0.006887s ]
INFO: [ view_filter ] --START--
INFO: Run Behavior\WriteHtmlCacheBehavior [ RunTime:0.000157s ]
INFO: [ view_filter ] --END-- [ RunTime:0.000236s ]
INFO: [ app_end ] --START--
INFO: Run Behavior\ShowPageTraceBehavior [ RunTime:0.000448s ]
INFO: [ app_end ] --END-- [ RunTime:0.000490s ]

[ 2017-05-21T02:35:49+08:00 ] 123.125.71.108 /
INFO: [ app_init ] --START--
INFO: Run Behavior\BuildLiteBehavior [ RunTime:0.000022s ]
INFO: [ app_init ] --END-- [ RunTime:0.000410s ]
INFO: [ app_begin ] --START--
INFO: Run Behavior\ReadHtmlCacheBehavior [ RunTime:0.000458s ]
INFO: [ app_begin ] --END-- [ RunTime:0.000512s ]
SQL: SHOW COLUMNS FROM `zl_article` [ RunTime:0.0006s ]
SQL: SELECT * FROM `zl_article` WHERE `deleted` = 0 AND `disabled` = 0 ORDER BY created_time  [ RunTime:0.0001s ]
SQL: SHOW COLUMNS FROM `zl_index_display` [ RunTime:0.0004s ]
SQL: SELECT * FROM `zl_index_display` WHERE `deleted` = 0 AND `disabled` = 0 AND `position_id` = 1 ORDER BY created_time DESC LIMIT 1   [ RunTime:0.0001s ]
SQL: SELECT * FROM `zl_article` WHERE ( article_id =34 ) LIMIT 1   [ RunTime:0.0001s ]
INFO: [ view_parse ] --START--
INFO: [ template_filter ] --START--
INFO: Run Behavior\ContentReplaceBehavior [ RunTime:0.000082s ]
INFO: [ template_filter ] --END-- [ RunTime:0.000138s ]
INFO: Run Behavior\ParseTemplateBehavior [ RunTime:0.008031s ]
INFO: [ view_parse ] --END-- [ RunTime:0.008087s ]
INFO: [ view_filter ] --START--
INFO: Run Behavior\WriteHtmlCacheBehavior [ RunTime:0.000241s ]
INFO: [ view_filter ] --END-- [ RunTime:0.000287s ]
INFO: [ app_end ] --START--
INFO: Run Behavior\ShowPageTraceBehavior [ RunTime:0.000440s ]
INFO: [ app_end ] --END-- [ RunTime:0.000488s ]

[ 2017-05-21T03:19:22+08:00 ] 112.90.82.218 /?/category-1__sort_type-hot__day-7
INFO: [ app_init ] --START--
INFO: Run Behavior\BuildLiteBehavior [ RunTime:0.000016s ]
INFO: [ app_init ] --END-- [ RunTime:0.000339s ]
INFO: [ app_begin ] --START--
INFO: Run Behavior\ReadHtmlCacheBehavior [ RunTime:0.000466s ]
INFO: [ app_begin ] --END-- [ RunTime:0.000514s ]
SQL: SHOW COLUMNS FROM `zl_article` [ RunTime:0.0005s ]
SQL: SELECT * FROM `zl_article` WHERE `deleted` = 0 AND `disabled` = 0 ORDER BY created_time  [ RunTime:0.0001s ]
SQL: SHOW COLUMNS FROM `zl_index_display` [ RunTime:0.0004s ]
SQL: SELECT * FROM `zl_index_display` WHERE `deleted` = 0 AND `disabled` = 0 AND `position_id` = 1 ORDER BY created_time DESC LIMIT 1   [ RunTime:0.0001s ]
SQL: SELECT * FROM `zl_article` WHERE ( article_id =34 ) LIMIT 1   [ RunTime:0.0001s ]
INFO: [ view_parse ] --START--
INFO: [ template_filter ] --START--
INFO: Run Behavior\ContentReplaceBehavior [ RunTime:0.000073s ]
INFO: [ template_filter ] --END-- [ RunTime:0.000125s ]
INFO: Run Behavior\ParseTemplateBehavior [ RunTime:0.007335s ]
INFO: [ view_parse ] --END-- [ RunTime:0.007373s ]
INFO: [ view_filter ] --START--
INFO: Run Behavior\WriteHtmlCacheBehavior [ RunTime:0.000165s ]
INFO: [ view_filter ] --END-- [ RunTime:0.000193s ]
INFO: [ app_end ] --START--
INFO: Run Behavior\ShowPageTraceBehavior [ RunTime:0.000451s ]
INFO: [ app_end ] --END-- [ RunTime:0.000488s ]

[ 2017-05-21T08:17:52+08:00 ] 61.135.169.10 /
INFO: [ app_init ] --START--
INFO: Run Behavior\BuildLiteBehavior [ RunTime:0.000017s ]
INFO: [ app_init ] --END-- [ RunTime:0.000369s ]
INFO: [ app_begin ] --START--
INFO: Run Behavior\ReadHtmlCacheBehavior [ RunTime:0.000426s ]
INFO: [ app_begin ] --END-- [ RunTime:0.000465s ]
SQL: SHOW COLUMNS FROM `zl_article` [ RunTime:0.0005s ]
SQL: SELECT * FROM `zl_article` WHERE `deleted` = 0 AND `disabled` = 0 ORDER BY created_time  [ RunTime:0.0001s ]
SQL: SHOW COLUMNS FROM `zl_index_display` [ RunTime:0.0004s ]
SQL: SELECT * FROM `zl_index_display` WHERE `deleted` = 0 AND `disabled` = 0 AND `position_id` = 1 ORDER BY created_time DESC LIMIT 1   [ RunTime:0.0001s ]
SQL: SELECT * FROM `zl_article` WHERE ( article_id =34 ) LIMIT 1   [ RunTime:0.0001s ]
INFO: [ view_parse ] --START--
INFO: [ template_filter ] --START--
INFO: Run Behavior\ContentReplaceBehavior [ RunTime:0.000087s ]
INFO: [ template_filter ] --END-- [ RunTime:0.000144s ]
INFO: Run Behavior\ParseTemplateBehavior [ RunTime:0.007817s ]
INFO: [ view_parse ] --END-- [ RunTime:0.007860s ]
INFO: [ view_filter ] --START--
INFO: Run Behavior\WriteHtmlCacheBehavior [ RunTime:0.000170s ]
INFO: [ view_filter ] --END-- [ RunTime:0.000200s ]
INFO: [ app_end ] --START--
INFO: Run Behavior\ShowPageTraceBehavior [ RunTime:0.000524s ]
INFO: [ app_end ] --END-- [ RunTime:0.000570s ]

[ 2017-05-21T13:24:33+08:00 ] 123.125.71.60 /
INFO: [ app_init ] --START--
INFO: Run Behavior\BuildLiteBehavior [ RunTime:0.000030s ]
INFO: [ app_init ] --END-- [ RunTime:0.000446s ]
INFO: [ app_begin ] --START--
INFO: Run Behavior\ReadHtmlCacheBehavior [ RunTime:0.000385s ]
INFO: [ app_begin ] --END-- [ RunTime:0.000431s ]
SQL: SHOW COLUMNS FROM `zl_article` [ RunTime:0.0007s ]
SQL: SELECT * FROM `zl_article` WHERE `deleted` = 0 AND `disabled` = 0 ORDER BY created_time  [ RunTime:0.0001s ]
SQL: SHOW COLUMNS FROM `zl_index_display` [ RunTime:0.0003s ]
SQL: SELECT * FROM `zl_index_display` WHERE `deleted` = 0 AND `disabled` = 0 AND `position_id` = 1 ORDER BY created_time DESC LIMIT 1   [ RunTime:0.0001s ]
SQL: SELECT * FROM `zl_article` WHERE ( article_id =34 ) LIMIT 1   [ RunTime:0.0001s ]
INFO: [ view_parse ] --START--
INFO: [ template_filter ] --START--
INFO: Run Behavior\ContentReplaceBehavior [ RunTime:0.000070s ]
INFO: [ template_filter ] --END-- [ RunTime:0.000116s ]
INFO: Run Behavior\ParseTemplateBehavior [ RunTime:0.006927s ]
INFO: [ view_parse ] --END-- [ RunTime:0.006964s ]
INFO: [ view_filter ] --START--
INFO: Run Behavior\WriteHtmlCacheBehavior [ RunTime:0.000158s ]
INFO: [ view_filter ] --END-- [ RunTime:0.000185s ]
INFO: [ app_end ] --START--
INFO: Run Behavior\ShowPageTraceBehavior [ RunTime:0.000436s ]
INFO: [ app_end ] --END-- [ RunTime:0.000476s ]

[ 2017-05-21T18:25:40+08:00 ] 123.125.67.160 /robots.txt
INFO: [ app_init ] --START--
INFO: Run Behavior\BuildLiteBehavior [ RunTime:0.000015s ]
INFO: [ app_init ] --END-- [ RunTime:0.000285s ]
INFO: [ app_begin ] --START--
INFO: Run Behavior\ReadHtmlCacheBehavior [ RunTime:0.000379s ]
INFO: [ app_begin ] --END-- [ RunTime:0.000425s ]
ERR: 无法加载控制器:Robots.txt

[ 2017-05-21T18:28:06+08:00 ] 123.125.71.101 /
INFO: [ app_init ] --START--
INFO: Run Behavior\BuildLiteBehavior [ RunTime:0.000020s ]
INFO: [ app_init ] --END-- [ RunTime:0.000430s ]
INFO: [ app_begin ] --START--
INFO: Run Behavior\ReadHtmlCacheBehavior [ RunTime:0.000365s ]
INFO: [ app_begin ] --END-- [ RunTime:0.000404s ]
SQL: SHOW COLUMNS FROM `zl_article` [ RunTime:0.0005s ]
SQL: SELECT * FROM `zl_article` WHERE `deleted` = 0 AND `disabled` = 0 ORDER BY created_time  [ RunTime:0.0001s ]
SQL: SHOW COLUMNS FROM `zl_index_display` [ RunTime:0.0004s ]
SQL: SELECT * FROM `zl_index_display` WHERE `deleted` = 0 AND `disabled` = 0 AND `position_id` = 1 ORDER BY created_time DESC LIMIT 1   [ RunTime:0.0001s ]
SQL: SELECT * FROM `zl_article` WHERE ( article_id =34 ) LIMIT 1   [ RunTime:0.0001s ]
INFO: [ view_parse ] --START--
INFO: [ template_filter ] --START--
INFO: Run Behavior\ContentReplaceBehavior [ RunTime:0.000081s ]
INFO: [ template_filter ] --END-- [ RunTime:0.000137s ]
INFO: Run Behavior\ParseTemplateBehavior [ RunTime:0.007596s ]
INFO: [ view_parse ] --END-- [ RunTime:0.007636s ]
INFO: [ view_filter ] --START--
INFO: Run Behavior\WriteHtmlCacheBehavior [ RunTime:0.000216s ]
INFO: [ view_filter ] --END-- [ RunTime:0.000246s ]
INFO: [ app_end ] --START--
INFO: Run Behavior\ShowPageTraceBehavior [ RunTime:0.000441s ]
INFO: [ app_end ] --END-- [ RunTime:0.000489s ]

[ 2017-05-21T21:24:39+08:00 ] 180.153.236.133 /?/reader/
INFO: [ app_init ] --START--
INFO: Run Behavior\BuildLiteBehavior [ RunTime:0.000021s ]
INFO: [ app_init ] --END-- [ RunTime:0.000357s ]
INFO: [ app_begin ] --START--
INFO: Run Behavior\ReadHtmlCacheBehavior [ RunTime:0.000547s ]
INFO: [ app_begin ] --END-- [ RunTime:0.000596s ]
SQL: SHOW COLUMNS FROM `zl_article` [ RunTime:0.0005s ]
SQL: SELECT * FROM `zl_article` WHERE `deleted` = 0 AND `disabled` = 0 ORDER BY created_time  [ RunTime:0.0001s ]
SQL: SHOW COLUMNS FROM `zl_index_display` [ RunTime:0.0003s ]
SQL: SELECT * FROM `zl_index_display` WHERE `deleted` = 0 AND `disabled` = 0 AND `position_id` = 1 ORDER BY created_time DESC LIMIT 1   [ RunTime:0.0001s ]
SQL: SELECT * FROM `zl_article` WHERE ( article_id =34 ) LIMIT 1   [ RunTime:0.0001s ]
INFO: [ view_parse ] --START--
INFO: [ template_filter ] --START--
INFO: Run Behavior\ContentReplaceBehavior [ RunTime:0.000072s ]
INFO: [ template_filter ] --END-- [ RunTime:0.000155s ]
INFO: Run Behavior\ParseTemplateBehavior [ RunTime:0.007132s ]
INFO: [ view_parse ] --END-- [ RunTime:0.007176s ]
INFO: [ view_filter ] --START--
INFO: Run Behavior\WriteHtmlCacheBehavior [ RunTime:0.000174s ]
INFO: [ view_filter ] --END-- [ RunTime:0.000218s ]
INFO: [ app_end ] --START--
INFO: Run Behavior\ShowPageTraceBehavior [ RunTime:0.000443s ]
INFO: [ app_end ] --END-- [ RunTime:0.000483s ]

[ 2017-05-21T21:24:39+08:00 ] 42.236.54.22 /
INFO: [ app_init ] --START--
INFO: Run Behavior\BuildLiteBehavior [ RunTime:0.000026s ]
INFO: [ app_init ] --END-- [ RunTime:0.026812s ]
INFO: [ app_begin ] --START--
INFO: Run Behavior\ReadHtmlCacheBehavior [ RunTime:0.000498s ]
INFO: [ app_begin ] --END-- [ RunTime:0.000554s ]
SQL: SHOW COLUMNS FROM `zl_article` [ RunTime:0.0005s ]
SQL: SELECT * FROM `zl_article` WHERE `deleted` = 0 AND `disabled` = 0 ORDER BY created_time  [ RunTime:0.0002s ]
SQL: SHOW COLUMNS FROM `zl_index_display` [ RunTime:0.0003s ]
SQL: SELECT * FROM `zl_index_display` WHERE `deleted` = 0 AND `disabled` = 0 AND `position_id` = 1 ORDER BY created_time DESC LIMIT 1   [ RunTime:0.0001s ]
SQL: SELECT * FROM `zl_article` WHERE ( article_id =34 ) LIMIT 1   [ RunTime:0.0001s ]
INFO: [ view_parse ] --START--
INFO: [ template_filter ] --START--
INFO: Run Behavior\ContentReplaceBehavior [ RunTime:0.000111s ]
INFO: [ template_filter ] --END-- [ RunTime:0.000171s ]
INFO: Run Behavior\ParseTemplateBehavior [ RunTime:0.007457s ]
INFO: [ view_parse ] --END-- [ RunTime:0.007498s ]
INFO: [ view_filter ] --START--
INFO: Run Behavior\WriteHtmlCacheBehavior [ RunTime:0.000175s ]
INFO: [ view_filter ] --END-- [ RunTime:0.000205s ]
INFO: [ app_end ] --START--
INFO: Run Behavior\ShowPageTraceBehavior [ RunTime:0.000389s ]
INFO: [ app_end ] --END-- [ RunTime:0.000432s ]

[ 2017-05-21T21:24:39+08:00 ] 42.236.54.22 /?/topic/channel-hot__day-week
INFO: [ app_init ] --START--
INFO: Run Behavior\BuildLiteBehavior [ RunTime:0.000023s ]
INFO: [ app_init ] --END-- [ RunTime:0.000465s ]
INFO: [ app_begin ] --START--
INFO: Run Behavior\ReadHtmlCacheBehavior [ RunTime:0.000619s ]
INFO: [ app_begin ] --END-- [ RunTime:0.000679s ]
SQL: SHOW COLUMNS FROM `zl_article` [ RunTime:0.0006s ]
SQL: SELECT * FROM `zl_article` WHERE `deleted` = 0 AND `disabled` = 0 ORDER BY created_time  [ RunTime:0.0001s ]
SQL: SHOW COLUMNS FROM `zl_index_display` [ RunTime:0.0005s ]
SQL: SELECT * FROM `zl_index_display` WHERE `deleted` = 0 AND `disabled` = 0 AND `position_id` = 1 ORDER BY created_time DESC LIMIT 1   [ RunTime:0.0001s ]
SQL: SELECT * FROM `zl_article` WHERE ( article_id =34 ) LIMIT 1   [ RunTime:0.0001s ]
INFO: [ view_parse ] --START--
INFO: [ template_filter ] --START--
INFO: Run Behavior\ContentReplaceBehavior [ RunTime:0.000125s ]
INFO: [ template_filter ] --END-- [ RunTime:0.000201s ]
INFO: Run Behavior\ParseTemplateBehavior [ RunTime:0.007594s ]
INFO: [ view_parse ] --END-- [ RunTime:0.007637s ]
INFO: [ view_filter ] --START--
INFO: Run Behavior\WriteHtmlCacheBehavior [ RunTime:0.000174s ]
INFO: [ view_filter ] --END-- [ RunTime:0.000204s ]
INFO: [ app_end ] --START--
INFO: Run Behavior\ShowPageTraceBehavior [ RunTime:0.000585s ]
INFO: [ app_end ] --END-- [ RunTime:0.000653s ]

[ 2017-05-21T21:24:39+08:00 ] 42.236.101.194 /?/topic/%E5%90%90%E6%A7%BD
INFO: [ app_init ] --START--
INFO: Run Behavior\BuildLiteBehavior [ RunTime:0.000016s ]
INFO: [ app_init ] --END-- [ RunTime:0.000297s ]
INFO: [ app_begin ] --START--
INFO: Run Behavior\ReadHtmlCacheBehavior [ RunTime:0.000694s ]
INFO: [ app_begin ] --END-- [ RunTime:0.000735s ]
SQL: SHOW COLUMNS FROM `zl_article` [ RunTime:0.0008s ]
SQL: SELECT * FROM `zl_article` WHERE `deleted` = 0 AND `disabled` = 0 ORDER BY created_time  [ RunTime:0.0001s ]
SQL: SHOW COLUMNS FROM `zl_index_display` [ RunTime:0.0004s ]
SQL: SELECT * FROM `zl_index_display` WHERE `deleted` = 0 AND `disabled` = 0 AND `position_id` = 1 ORDER BY created_time DESC LIMIT 1   [ RunTime:0.0001s ]
SQL: SELECT * FROM `zl_article` WHERE ( article_id =34 ) LIMIT 1   [ RunTime:0.0001s ]
INFO: [ view_parse ] --START--
INFO: [ template_filter ] --START--
INFO: Run Behavior\ContentReplaceBehavior [ RunTime:0.000075s ]
INFO: [ template_filter ] --END-- [ RunTime:0.000141s ]
INFO: Run Behavior\ParseTemplateBehavior [ RunTime:0.007271s ]
INFO: [ view_parse ] --END-- [ RunTime:0.007313s ]
INFO: [ view_filter ] --START--
INFO: Run Behavior\WriteHtmlCacheBehavior [ RunTime:0.000231s ]
INFO: [ view_filter ] --END-- [ RunTime:0.000275s ]
INFO: [ app_end ] --START--
INFO: Run Behavior\ShowPageTraceBehavior [ RunTime:0.000439s ]
INFO: [ app_end ] --END-- [ RunTime:0.000491s ]

[ 2017-05-21T21:24:39+08:00 ] 42.236.101.194 /?/people/2
INFO: [ app_init ] --START--
INFO: Run Behavior\BuildLiteBehavior [ RunTime:0.000015s ]
INFO: [ app_init ] --END-- [ RunTime:0.000335s ]
INFO: [ app_begin ] --START--
INFO: Run Behavior\ReadHtmlCacheBehavior [ RunTime:0.000370s ]
INFO: [ app_begin ] --END-- [ RunTime:0.000409s ]
SQL: SHOW COLUMNS FROM `zl_article` [ RunTime:0.0005s ]
SQL: SELECT * FROM `zl_article` WHERE `deleted` = 0 AND `disabled` = 0 ORDER BY created_time  [ RunTime:0.0001s ]
SQL: SHOW COLUMNS FROM `zl_index_display` [ RunTime:0.0005s ]
SQL: SELECT * FROM `zl_index_display` WHERE `deleted` = 0 AND `disabled` = 0 AND `position_id` = 1 ORDER BY created_time DESC LIMIT 1   [ RunTime:0.0001s ]
SQL: SELECT * FROM `zl_article` WHERE ( article_id =34 ) LIMIT 1   [ RunTime:0.0001s ]
INFO: [ view_parse ] --START--
INFO: [ template_filter ] --START--
INFO: Run Behavior\ContentReplaceBehavior [ RunTime:0.000070s ]
INFO: [ template_filter ] --END-- [ RunTime:0.000118s ]
INFO: Run Behavior\ParseTemplateBehavior [ RunTime:0.006964s ]
INFO: [ view_parse ] --END-- [ RunTime:0.007001s ]
INFO: [ view_filter ] --START--
INFO: Run Behavior\WriteHtmlCacheBehavior [ RunTime:0.000162s ]
INFO: [ view_filter ] --END-- [ RunTime:0.000190s ]
INFO: [ app_end ] --START--
INFO: Run Behavior\ShowPageTraceBehavior [ RunTime:0.000402s ]
INFO: [ app_end ] --END-- [ RunTime:0.000440s ]

[ 2017-05-21T21:24:39+08:00 ] 42.236.101.194 /?/topic/channel-topic__topic_id-3
INFO: [ app_init ] --START--
INFO: Run Behavior\BuildLiteBehavior [ RunTime:0.000015s ]
INFO: [ app_init ] --END-- [ RunTime:0.000297s ]
INFO: [ app_begin ] --START--
INFO: Run Behavior\ReadHtmlCacheBehavior [ RunTime:0.000383s ]
INFO: [ app_begin ] --END-- [ RunTime:0.000422s ]
SQL: SHOW COLUMNS FROM `zl_article` [ RunTime:0.0005s ]
SQL: SELECT * FROM `zl_article` WHERE `deleted` = 0 AND `disabled` = 0 ORDER BY created_time  [ RunTime:0.0001s ]
SQL: SHOW COLUMNS FROM `zl_index_display` [ RunTime:0.0042s ]
SQL: SELECT * FROM `zl_index_display` WHERE `deleted` = 0 AND `disabled` = 0 AND `position_id` = 1 ORDER BY created_time DESC LIMIT 1   [ RunTime:0.0001s ]
SQL: SELECT * FROM `zl_article` WHERE ( article_id =34 ) LIMIT 1   [ RunTime:0.0001s ]
INFO: [ view_parse ] --START--
INFO: [ template_filter ] --START--
INFO: Run Behavior\ContentReplaceBehavior [ RunTime:0.000072s ]
INFO: [ template_filter ] --END-- [ RunTime:0.000121s ]
INFO: Run Behavior\ParseTemplateBehavior [ RunTime:0.006683s ]
INFO: [ view_parse ] --END-- [ RunTime:0.006721s ]
INFO: [ view_filter ] --START--
INFO: Run Behavior\WriteHtmlCacheBehavior [ RunTime:0.000175s ]
INFO: [ view_filter ] --END-- [ RunTime:0.000205s ]
INFO: [ app_end ] --START--
INFO: Run Behavior\ShowPageTraceBehavior [ RunTime:0.000380s ]
INFO: [ app_end ] --END-- [ RunTime:0.000417s ]

[ 2017-05-21T21:24:39+08:00 ] 42.236.101.194 /?/topic/channel-hot__day-month
INFO: [ app_init ] --START--
INFO: Run Behavior\BuildLiteBehavior [ RunTime:0.000021s ]
INFO: [ app_init ] --END-- [ RunTime:0.000445s ]
INFO: [ app_begin ] --START--
INFO: Run Behavior\ReadHtmlCacheBehavior [ RunTime:0.000606s ]
INFO: [ app_begin ] --END-- [ RunTime:0.000671s ]
SQL: SHOW COLUMNS FROM `zl_article` [ RunTime:0.0005s ]
SQL: SELECT * FROM `zl_article` WHERE `deleted` = 0 AND `disabled` = 0 ORDER BY created_time  [ RunTime:0.0001s ]
SQL: SHOW COLUMNS FROM `zl_index_display` [ RunTime:0.0003s ]
SQL: SELECT * FROM `zl_index_display` WHERE `deleted` = 0 AND `disabled` = 0 AND `position_id` = 1 ORDER BY created_time DESC LIMIT 1   [ RunTime:0.0001s ]
SQL: SELECT * FROM `zl_article` WHERE ( article_id =34 ) LIMIT 1   [ RunTime:0.0001s ]
INFO: [ view_parse ] --START--
INFO: [ template_filter ] --START--
INFO: Run Behavior\ContentReplaceBehavior [ RunTime:0.000074s ]
INFO: [ template_filter ] --END-- [ RunTime:0.000125s ]
INFO: Run Behavior\ParseTemplateBehavior [ RunTime:0.006795s ]
INFO: [ view_parse ] --END-- [ RunTime:0.006838s ]
INFO: [ view_filter ] --START--
INFO: Run Behavior\WriteHtmlCacheBehavior [ RunTime:0.000155s ]
INFO: [ view_filter ] --END-- [ RunTime:0.000184s ]
INFO: [ app_end ] --START--
INFO: Run Behavior\ShowPageTraceBehavior [ RunTime:0.000422s ]
INFO: [ app_end ] --END-- [ RunTime:0.000464s ]

[ 2017-05-21T21:24:40+08:00 ] 42.236.54.22 /index.php/DailyPie/yaowen
INFO: [ app_init ] --START--
INFO: Run Behavior\BuildLiteBehavior [ RunTime:0.000023s ]
INFO: [ app_init ] --END-- [ RunTime:0.000477s ]
INFO: [ app_begin ] --START--
INFO: Run Behavior\ReadHtmlCacheBehavior [ RunTime:0.000594s ]
INFO: [ app_begin ] --END-- [ RunTime:0.000651s ]
NOTIC: [8] curl_setopt(): CURLOPT_SSL_VERIFYHOST no longer accepts the value 1, value 2 will be used instead /www/web/blog/public_html/Application/Common/Common/function.php 第 174 行.
INFO: [ view_parse ] --START--
INFO: [ template_filter ] --START--
INFO: Run Behavior\ContentReplaceBehavior [ RunTime:0.000087s ]
INFO: [ template_filter ] --END-- [ RunTime:0.000151s ]
INFO: Run Behavior\ParseTemplateBehavior [ RunTime:0.007841s ]
INFO: [ view_parse ] --END-- [ RunTime:0.007903s ]
INFO: [ view_filter ] --START--
INFO: Run Behavior\WriteHtmlCacheBehavior [ RunTime:0.000192s ]
INFO: [ view_filter ] --END-- [ RunTime:0.000237s ]
INFO: [ app_end ] --START--
INFO: Run Behavior\ShowPageTraceBehavior [ RunTime:0.000461s ]
INFO: [ app_end ] --END-- [ RunTime:0.000507s ]

[ 2017-05-21T21:24:40+08:00 ] 42.236.12.130 /?/category-1__is_recommend-1
INFO: [ app_init ] --START--
INFO: Run Behavior\BuildLiteBehavior [ RunTime:0.000016s ]
INFO: [ app_init ] --END-- [ RunTime:0.000303s ]
INFO: [ app_begin ] --START--
INFO: Run Behavior\ReadHtmlCacheBehavior [ RunTime:0.000442s ]
INFO: [ app_begin ] --END-- [ RunTime:0.000522s ]
SQL: SHOW COLUMNS FROM `zl_article` [ RunTime:0.0007s ]
SQL: SELECT * FROM `zl_article` WHERE `deleted` = 0 AND `disabled` = 0 ORDER BY created_time  [ RunTime:0.0001s ]
SQL: SHOW COLUMNS FROM `zl_index_display` [ RunTime:0.0004s ]
SQL: SELECT * FROM `zl_index_display` WHERE `deleted` = 0 AND `disabled` = 0 AND `position_id` = 1 ORDER BY created_time DESC LIMIT 1   [ RunTime:0.0001s ]
SQL: SELECT * FROM `zl_article` WHERE ( article_id =34 ) LIMIT 1   [ RunTime:0.0001s ]
INFO: [ view_parse ] --START--
INFO: [ template_filter ] --START--
INFO: Run Behavior\ContentReplaceBehavior [ RunTime:0.000088s ]
INFO: [ template_filter ] --END-- [ RunTime:0.000146s ]
INFO: Run Behavior\ParseTemplateBehavior [ RunTime:0.007733s ]
INFO: [ view_parse ] --END-- [ RunTime:0.007774s ]
INFO: [ view_filter ] --START--
INFO: Run Behavior\WriteHtmlCacheBehavior [ RunTime:0.000188s ]
INFO: [ view_filter ] --END-- [ RunTime:0.000218s ]
INFO: [ app_end ] --START--
INFO: Run Behavior\ShowPageTraceBehavior [ RunTime:0.000440s ]
INFO: [ app_end ] --END-- [ RunTime:0.000488s ]

[ 2017-05-21T21:24:40+08:00 ] 42.236.10.105 /?/topic/Linux
INFO: [ app_init ] --START--
INFO: Run Behavior\BuildLiteBehavior [ RunTime:0.000014s ]
INFO: [ app_init ] --END-- [ RunTime:0.000280s ]
INFO: [ app_begin ] --START--
INFO: Run Behavior\ReadHtmlCacheBehavior [ RunTime:0.000371s ]
INFO: [ app_begin ] --END-- [ RunTime:0.000411s ]
SQL: SHOW COLUMNS FROM `zl_article` [ RunTime:0.0005s ]
SQL: SELECT * FROM `zl_article` WHERE `deleted` = 0 AND `disabled` = 0 ORDER BY created_time  [ RunTime:0.0002s ]
SQL: SHOW COLUMNS FROM `zl_index_display` [ RunTime:0.0004s ]
SQL: SELECT * FROM `zl_index_display` WHERE `deleted` = 0 AND `disabled` = 0 AND `position_id` = 1 ORDER BY created_time DESC LIMIT 1   [ RunTime:0.0001s ]
SQL: SELECT * FROM `zl_article` WHERE ( article_id =34 ) LIMIT 1   [ RunTime:0.0001s ]
INFO: [ view_parse ] --START--
INFO: [ template_filter ] --START--
INFO: Run Behavior\ContentReplaceBehavior [ RunTime:0.000069s ]
INFO: [ template_filter ] --END-- [ RunTime:0.000121s ]
INFO: Run Behavior\ParseTemplateBehavior [ RunTime:0.007494s ]
INFO: [ view_parse ] --END-- [ RunTime:0.007533s ]
INFO: [ view_filter ] --START--
INFO: Run Behavior\WriteHtmlCacheBehavior [ RunTime:0.000175s ]
INFO: [ view_filter ] --END-- [ RunTime:0.000207s ]
INFO: [ app_end ] --START--
INFO: Run Behavior\ShowPageTraceBehavior [ RunTime:0.000530s ]
INFO: [ app_end ] --END-- [ RunTime:0.000573s ]

[ 2017-05-21T21:30:16+08:00 ] 183.57.53.197 /
INFO: [ app_init ] --START--
INFO: Run Behavior\BuildLiteBehavior [ RunTime:0.000016s ]
INFO: [ app_init ] --END-- [ RunTime:0.000288s ]
INFO: [ app_begin ] --START--
INFO: Run Behavior\ReadHtmlCacheBehavior [ RunTime:0.000352s ]
INFO: [ app_begin ] --END-- [ RunTime:0.000392s ]
SQL: SHOW COLUMNS FROM `zl_article` [ RunTime:0.0007s ]
SQL: SELECT * FROM `zl_article` WHERE `deleted` = 0 AND `disabled` = 0 ORDER BY created_time  [ RunTime:0.0001s ]
SQL: SHOW COLUMNS FROM `zl_index_display` [ RunTime:0.0005s ]
SQL: SELECT * FROM `zl_index_display` WHERE `deleted` = 0 AND `disabled` = 0 AND `position_id` = 1 ORDER BY created_time DESC LIMIT 1   [ RunTime:0.0001s ]
SQL: SELECT * FROM `zl_article` WHERE ( article_id =34 ) LIMIT 1   [ RunTime:0.0001s ]
INFO: [ view_parse ] --START--
INFO: [ template_filter ] --START--
INFO: Run Behavior\ContentReplaceBehavior [ RunTime:0.000078s ]
INFO: [ template_filter ] --END-- [ RunTime:0.000138s ]
INFO: Run Behavior\ParseTemplateBehavior [ RunTime:0.006972s ]
INFO: [ view_parse ] --END-- [ RunTime:0.007014s ]
INFO: [ view_filter ] --START--
INFO: Run Behavior\WriteHtmlCacheBehavior [ RunTime:0.000175s ]
INFO: [ view_filter ] --END-- [ RunTime:0.000206s ]
INFO: [ app_end ] --START--
INFO: Run Behavior\ShowPageTraceBehavior [ RunTime:0.000421s ]
INFO: [ app_end ] --END-- [ RunTime:0.000461s ]

