[ 2017-03-15T23:39:03+08:00 ] 127.0.0.1 /Article/add
INFO: [ app_init ] --START--
INFO: Run Behavior\BuildLiteBehavior [ RunTime:0.000000s ]
INFO: [ app_init ] --END-- [ RunTime:0.002001s ]
INFO: [ app_begin ] --START--
INFO: Run Behavior\ReadHtmlCacheBehavior [ RunTime:0.045003s ]
INFO: [ app_begin ] --END-- [ RunTime:0.046003s ]
SQL: SHOW COLUMNS FROM `zl_article_category` [ RunTime:0.0720s ]
SQL: SELECT * FROM `zl_article_category` WHERE `disabled` = 0 AND `deleted` = 0  [ RunTime:0.0190s ]
INFO: [ view_parse ] --START--
INFO: [ template_filter ] --START--
INFO: Run Behavior\ContentReplaceBehavior [ RunTime:0.000000s ]
INFO: [ template_filter ] --END-- [ RunTime:0.000000s ]
INFO: Run Behavior\ParseTemplateBehavior [ RunTime:0.322019s ]
INFO: [ view_parse ] --END-- [ RunTime:0.322019s ]
INFO: [ view_filter ] --START--
INFO: Run Behavior\WriteHtmlCacheBehavior [ RunTime:0.003000s ]
INFO: [ view_filter ] --END-- [ RunTime:0.003000s ]
INFO: [ app_end ] --START--
INFO: Run Behavior\ShowPageTraceBehavior [ RunTime:0.003000s ]
INFO: [ app_end ] --END-- [ RunTime:0.003000s ]

[ 2017-03-15T23:39:06+08:00 ] 127.0.0.1 /Article/list?v=4.0
INFO: [ app_init ] --START--
INFO: Run Behavior\BuildLiteBehavior [ RunTime:0.000000s ]
INFO: [ app_init ] --END-- [ RunTime:0.003000s ]
INFO: [ app_begin ] --START--
INFO: Run Behavior\ReadHtmlCacheBehavior [ RunTime:0.004000s ]
INFO: [ app_begin ] --END-- [ RunTime:0.005000s ]
SQL: SHOW COLUMNS FROM `zl_article` [ RunTime:0.0120s ]
SQL: SELECT * FROM `zl_article` WHERE `deleted` = 0  [ RunTime:0.0000s ]
INFO: [ view_parse ] --START--
INFO: [ template_filter ] --START--
INFO: Run Behavior\ContentReplaceBehavior [ RunTime:0.000000s ]
INFO: [ template_filter ] --END-- [ RunTime:0.001000s ]
INFO: Run Behavior\ParseTemplateBehavior [ RunTime:0.521030s ]
INFO: [ view_parse ] --END-- [ RunTime:0.521030s ]
INFO: [ view_filter ] --START--
INFO: Run Behavior\WriteHtmlCacheBehavior [ RunTime:0.002000s ]
INFO: [ view_filter ] --END-- [ RunTime:0.002000s ]
INFO: [ app_end ] --START--
INFO: Run Behavior\ShowPageTraceBehavior [ RunTime:0.029002s ]
INFO: [ app_end ] --END-- [ RunTime:0.029002s ]

[ 2017-03-15T23:39:08+08:00 ] 127.0.0.1 /Public/plugins/layer/layer.js
INFO: [ app_init ] --START--
INFO: Run Behavior\BuildLiteBehavior [ RunTime:0.000000s ]
INFO: [ app_init ] --END-- [ RunTime:0.011001s ]
INFO: [ app_begin ] --START--
INFO: Run Behavior\ReadHtmlCacheBehavior [ RunTime:0.002001s ]
INFO: [ app_begin ] --END-- [ RunTime:0.003001s ]
ERR: 无法加载控制器:Public

[ 2017-03-15T23:39:11+08:00 ] 127.0.0.1 /Public/plugins/layer/layer.js
INFO: [ app_init ] --START--
INFO: Run Behavior\BuildLiteBehavior [ RunTime:0.000000s ]
INFO: [ app_init ] --END-- [ RunTime:0.001000s ]
INFO: [ app_begin ] --START--
INFO: Run Behavior\ReadHtmlCacheBehavior [ RunTime:0.003000s ]
INFO: [ app_begin ] --END-- [ RunTime:0.003000s ]
ERR: 无法加载控制器:Public

[ 2017-03-15T23:39:14+08:00 ] 127.0.0.1 /Article/add
INFO: [ app_init ] --START--
INFO: Run Behavior\BuildLiteBehavior [ RunTime:0.000000s ]
INFO: [ app_init ] --END-- [ RunTime:0.001000s ]
INFO: [ app_begin ] --START--
INFO: Run Behavior\ReadHtmlCacheBehavior [ RunTime:0.006000s ]
INFO: [ app_begin ] --END-- [ RunTime:0.006000s ]
SQL: SHOW COLUMNS FROM `zl_article_category` [ RunTime:0.0130s ]
SQL: SELECT * FROM `zl_article_category` WHERE `disabled` = 0 AND `deleted` = 0  [ RunTime:0.0060s ]
INFO: [ view_parse ] --START--
INFO: [ template_filter ] --START--
INFO: Run Behavior\ContentReplaceBehavior [ RunTime:0.001000s ]
INFO: [ template_filter ] --END-- [ RunTime:0.001000s ]
INFO: Run Behavior\ParseTemplateBehavior [ RunTime:0.028002s ]
INFO: [ view_parse ] --END-- [ RunTime:0.028002s ]
INFO: [ view_filter ] --START--
INFO: Run Behavior\WriteHtmlCacheBehavior [ RunTime:0.002000s ]
INFO: [ view_filter ] --END-- [ RunTime:0.002000s ]
INFO: [ app_end ] --START--
INFO: Run Behavior\ShowPageTraceBehavior [ RunTime:0.005000s ]
INFO: [ app_end ] --END-- [ RunTime:0.005000s ]

[ 2017-03-15T23:40:47+08:00 ] 127.0.0.1 /Article/addPost?content=%3Cp%3E%E5%87%A4%E5%87%B0%E7%A7%91%E6%8A%80%E8%AE%AF%EF%BC%88%E4%BD%9C%E8%80%85%2F%E7%99%BD%E6%9D%A8%EF%BC%89%E4%BB%8A%E5%A4%A9%E6%99%9A%E4%B8%8A%EF%BC%8C%E5%A4%AE%E8%A7%86315%E6%99%9A%E4%BC%9A%E5%A6%82%E6%9C%9F%E5%8F%AC%E5%BC%80%EF%BC%8C%E4%BB%8A%E5%B9%B4%E6%99%9A%E4%BC%9A%E7%9A%84%E4%B8%BB%E9%A2%98%E6%98%AF%E2%80%9C%E7%94%A8%E8%AF%9A%E4%BF%A1%E6%B1%87%E8%81%9A%E8%B4%A3%E4%BB%BB%E7%9A%84%E5%8A%9B%E9%87%8F%E2%80%9D%E3%80%82%E7%BB%A7%E4%BA%92%E5%8A%A8%E7%99%BE%E7%A7%91%E4%B9%8B%E5%90%8E%EF%BC%8C%E6%B7%B1%E5%9C%B3%E6%B5%B7%E8%B1%9A%E8%B7%A8%E5%A2%83%E7%A7%91%E6%8A%80%E6%9C%89%E9%99%90%E5%85%AC%E5%8F%B8%E6%88%90%E4%B8%BA%E7%AC%AC%E4%BA%8C%E5%AE%B6%E8%A2%AB%E6%9B%9D%E5%85%89%E7%9A%84%E4%BA%92%E8%81%94%E7%BD%91%E5%85%AC%E5%8F%B8%E3%80%82%3C%2Fp%3E%3Cp%3E%E6%A0%B9%E6%8D%AE%E5%A4%AE%E8%A7%86%E6%8A%A5%E9%81%93%EF%BC%8C%E4%B8%80%E4%BA%9B%E8%B7%A8%E5%A2%83%E7%94%B5%E5%95%86%E9%94%80%E5%94%AE%E6%9D%A5%E8%87%AA%E6%97%A5%E6%9C%AC%E8%BE%90%E5%B0%84%E5%8C%BA%E7%9A%84%E9%A3%9F%E5%93%81%E3%80%82%E5%A4%AE%E8%A7%86%E8%AE%B0%E8%80%85%E8%B0%83%E6%9F%A5%E5%8F%91%E7%8E%B0%EF%BC%8C%E5%BE%88%E5%A4%9A%E9%A3%9F%E5%93%81%E7%9A%84%E4%BA%A7%E5%9C%B0%E5%8F%AA%E6%A0%87%E6%B3%A8%E6%9D%A5%E8%87%AA%E6%97%A5%E6%9C%AC%EF%BC%8C%E4%BD%86%E5%AE%9E%E9%99%85%E4%B8%8A%E6%98%AF%E6%9D%A5%E8%87%AA%E6%A0%B8%E6%B1%A1%E6%9F%93%E5%9C%B0%E5%8C%BA%E3%80%82%E4%B8%8D%E4%BB%85%E6%98%AF%E7%BA%BF%E4%B8%8A%EF%BC%8C%E5%9C%A8%E4%B8%80%E4%BA%9B%E8%B7%A8%E5%A2%83%E7%94%B5%E5%95%86%E7%9A%84%E7%BA%BF%E4%B8%8B%E4%BD%93%E9%AA%8C%E5%BA%97%E9%87%8C%EF%BC%8C%E8%AE%B0%E8%80%85%E4%B9%9F%E5%8F%91%E7%8E%B0%E5%90%8C%E6%A0%B7%E6%9D%A5%E8%87%AA%E6%97%A5%E6%9C%AC%E6%A0%B8%E6%B1%A1%E6%9F%93%E5%9C%B0%E5%8C%BA%E7%9A%84%E9%A3%9F%E5%93%81%E3%80%82%3C%2Fp%3E%3Cp%3E%E8%BF%99%E4%BA%9B%E4%BA%A7%E5%93%81%E5%A6%82%E4%BD%95%E8%BF%9B%E5%85%A5%E4%B8%AD%E5%9B%BD%E7%9A%84%EF%BC%9F%E7%BB%8F%E5%A4%AE%E8%A7%86%E8%B0%83%E6%9F%A5%EF%BC%8C%E6%B7%B1%E5%9C%B3%E7%BB%8F%E5%85%B8%E4%BB%81%E6%BA%90%E8%B4%B8%E6%98%93%E6%9C%89%E9%99%90%E5%85%AC%E5%8F%B8%E4%B8%BB%E8%A6%81%E4%B8%9A%E5%8A%A1%E5%B0%B1%E6%98%AF%E6%89%B9%E5%8F%91%E6%97%A5%E6%9C%AC%E9%A3%9F%E5%93%81%E3%80%82%E6%8C%89%E7%85%A7%E8%AF%A5%E5%85%AC%E5%8F%B8%E7%BD%91%E7%AB%99%E4%B8%8A%E6%8F%90%E4%BE%9B%E7%9A%84%E5%9C%B0%E5%9D%80%EF%BC%8C%E8%AF%A5%E5%85%AC%E5%8F%B8%E7%AB%9F%E7%84%B6%E6%98%AF%E4%B8%B0%E6%B9%96%E5%B9%B2%E8%B4%A7%E7%89%B9%E4%BA%A7%E5%9F%8E%E9%87%8C%E7%9A%84%E4%B8%80%E4%B8%AA%E6%91%8A%E4%BD%8D%E3%80%82%3C%2Fp%3E%3Cp%3E%E8%AF%A5%E5%85%AC%E5%8F%B8%E7%9A%84%E4%B8%80%E4%BD%8D%E8%B4%9F%E8%B4%A3%E4%BA%BA%E6%9E%97%E7%BB%8F%E7%90%86%E6%89%BF%E8%AE%A4%EF%BC%8C%E4%BB%96%E4%BB%AC%E5%85%AC%E5%8F%B8%E7%83%AD%E9%94%80%E5%94%AE%E7%9A%84%E5%8D%A1%E4%B9%90%E6%AF%94%E9%BA%A6%E7%89%87%EF%BC%8C%E7%9A%84%E7%A1%AE%E6%98%AF%E6%9D%A5%E8%87%AA%E6%97%A5%E6%9C%AC%E7%9A%84%E6%A0%B8%E6%B1%A1%E6%9F%93%E5%9C%B0%E5%8C%BA%E3%80%82%3C%2Fp%3E%3Cp%3E%E5%9B%BD%E5%AE%B6%E6%98%8E%E4%BB%A4%E7%A6%81%E6%AD%A2%EF%BC%8C%E4%BB%96%E4%BB%AC%E4%BB%8D%E7%84%B6%E6%9C%89%E5%8A%9E%E6%B3%95%E9%80%83%E9%81%BF%E7%9B%91%E7%AE%A1%E3%80%82%E6%9E%97%E7%BB%8F%E7%90%86%E7%A7%B0%EF%BC%8C%E6%9C%89%E4%B8%80%E4%BA%9B%E6%B2%A1%E5%8A%9E%E6%B3%95%EF%BC%8C%E6%B2%A1%E6%9C%89%E9%80%9A%E8%BF%87%E6%B5%B7%E5%85%B3%EF%BC%8C%E5%8F%AA%E8%83%BD%E5%88%B0%E9%A6%99%E6%B8%AF%E5%86%8D%E5%88%B0%E6%B7%B1%E5%9C%B3%EF%BC%8C%E9%A6%99%E6%B8%AF%E7%9A%84%E9%87%8F%E8%BF%98%E6%98%AF%E7%9B%B8%E5%BD%93%E5%A4%A7%E7%9A%84%E3%80%82%3C%2Fp%3E%3Cp%3E%E6%AD%A4%E5%A4%96%EF%BC%8C%E5%A4%AE%E8%A7%86%E8%BF%98%E6%8A%A5%E9%81%93%EF%BC%8C%E6%B7%B1%E5%9C%B3%E5%B8%82%E6%9C%89%E6%A3%B5%E6%A0%91%E6%97%97%E4%B8%8B%E7%9A%84%E6%B7%B1%E5%9C%B3%E6%B5%B7%E8%B1%9A%E8%B7%A8%E5%A2%83%E7%A7%91%E6%8A%80%E6%9C%89%E9%99%90%E5%85%AC%E5%8F%B8%EF%BC%8C%E5%8F%B7%E7%A7%B0%E6%98%AF%E4%B8%AD%E5%9B%BD%E8%BF%9B%E5%8F%A3%E6%AF%8D%E5%A9%B4%E7%94%A8%E5%93%81%E6%9C%80%E5%A4%A7%E7%9A%84%E4%BE%9B%E5%BA%94%E9%93%BE%E5%B9%B3%E5%8F%B0%EF%BC%8C%E5%B9%B6%E4%B8%BA%E5%9B%BD%E5%86%85%E4%BC%97%E5%A4%9A%E7%9A%84%E7%94%B5%E5%95%86%E6%8F%90%E4%BE%9B%E8%B4%A7%E6%BA%90%E3%80%82%E5%9C%A8%E5%85%AC%E5%8F%B8%E7%9A%84%E7%BD%91%E4%B8%8A%E5%95%86%E5%9F%8E%E9%87%8C%EF%BC%8C%E8%AE%B0%E8%80%85%E4%B9%9F%E7%9C%8B%E5%88%B0%E4%BA%86%E7%A6%81%E6%AD%A2%E9%94%80%E5%94%AE%E7%9A%84%E5%8D%A1%E4%B9%90%E6%AF%94%E9%BA%A6%E7%89%87%E3%80%82%3C%2Fp%3E%3Cp%3E%E8%BF%99%E4%BA%9B%E5%8D%A1%E4%B9%90%E6%AF%94%E9%BA%A6%E7%89%87%E5%90%8C%E6%A0%B7%E6%9D%A5%E8%87%AA%E6%A0%B8%E6%B1%A1%E6%9F%93%E5%9C%B0%E5%8C%BA%E7%9A%84%E6%9E%A5%E6%9C%A8%E5%8E%BF%E6%B8%85%E6%BA%90%E5%B7%A5%E5%8E%82%E3%80%82%E5%9C%A8%E6%B5%B7%E8%B1%9A%E5%85%AC%E5%8F%B8%E5%90%91%E6%89%A7%E6%B3%95%E4%BA%BA%E5%91%98%E6%8F%90%E4%BE%9B%E7%9A%84%E6%9D%90%E6%96%99%E4%B8%8A%E6%98%BE%E7%A4%BA%EF%BC%8C%E8%AF%A5%E4%BA%A7%E5%93%81%E6%98%AF%E4%BB%8E%E6%97%A5%E6%9C%AC%E7%9A%84%E5%A4%A7%E9%98%AA%E7%9B%B4%E6%8E%A5%E8%BF%90%E5%88%B0%E5%A4%A9%E6%B4%A5%E6%B8%AF%EF%BC%8C%E6%8A%A5%E5%85%B3%E5%8D%95%E4%B8%8A%E5%B9%B6%E6%B2%A1%E6%9C%89%E6%98%BE%E7%A4%BA%E5%87%BA%E8%B7%9F%E6%A0%B8%E6%B1%A1%E6%9F%93%E4%BA%A7%E5%9C%B0%E6%9C%89%E5%85%B3%E7%9A%84%E4%BF%A1%E6%81%AF%E3%80%82%3C%2Fp%3E%3Cp%3E%E8%AE%B0%E8%80%85%E5%9C%A8%E8%B0%83%E6%9F%A5%E4%B8%AD%E8%BF%98%E4%BA%86%E8%A7%A3%E5%88%B0%EF%BC%8C%E6%B5%B7%E8%B1%9A%E5%85%AC%E5%8F%B8%E4%B8%BB%E8%A6%81%E6%98%AF%E4%BB%A5%E6%89%B9%E5%8F%91%E4%B8%BA%E4%B8%BB%EF%BC%8C%E5%85%AC%E5%8F%B8%E7%9A%84%E8%B4%9F%E8%B4%A3%E4%BA%BA%E6%89%BF%E8%AE%A499%25%E7%9A%84%E4%BA%A7%E5%93%81%E9%83%BD%E6%89%B9%E5%8F%91%E7%BB%99%E4%BA%86%E5%85%B6%E4%BB%96%E4%B8%80%E4%BA%9B%E7%94%B5%E5%95%86%E5%B9%B3%E5%8F%B0%E3%80%82%3C%2Fp%3E%3Cp%3E%E6%B7%B1%E5%9C%B3%E5%B8%82%E5%B8%82%E5%9C%BA%E7%A8%BD%E6%9F%A5%E5%B1%80%E5%8F%91%E7%8E%B0%EF%BC%8C%E5%9B%BD%E5%86%85%E6%B6%89%E5%AB%8C%E9%94%80%E5%94%AE%E6%97%A5%E6%9C%AC%E6%A0%B8%E6%B1%A1%E6%9F%93%E9%A3%9F%E5%93%81%E7%9A%84%E7%BD%91%E4%B8%8A%E5%95%86%E5%AE%B6%E5%88%9D%E6%AD%A5%E7%BB%9F%E8%AE%A1%E5%B7%B2%E8%BE%BE13000%E5%A4%9A%E5%AE%B6%E3%80%82%3C%2Fp%3E%3Cp%3E%E8%B7%A8%E5%A2%83%E7%94%B5%E5%95%86%E8%A1%8C%E4%B8%9A%E7%9A%84%E4%BA%A7%E5%93%81%E8%B4%A8%E9%87%8F%E9%97%AE%E9%A2%98%E5%8E%BB%E5%B9%B4315%E5%B7%B2%E7%BB%8F%E8%A2%AB%E6%9B%9D%E5%85%89%E8%BF%87%E3%80%82%E5%BD%93%E6%97%B6%E6%9B%9D%E5%85%89%E7%9A%84%E9%97%AE%E9%A2%98%E6%98%AF%E8%A1%8C%E4%B8%9A%E5%AD%98%E5%9C%A8%E5%A4%A7%E9%87%8F%E4%B8%8D%E5%90%88%E6%A0%BC%E4%BA%A7%E5%93%81%E3%80%82%3C%2Fp%3E%3Cp%3E2015%E5%B9%B4%EF%BC%8C%E8%B4%A8%E6%A3%80%E6%80%BB%E5%B1%80%E5%AF%B9%E9%80%9A%E8%BF%87%E8%B7%A8%E5%A2%83%E7%94%B5%E5%95%86%E6%B8%A0%E9%81%93%E8%BF%9B%E5%8F%A3%E7%9A%84%E5%84%BF%E7%AB%A5%E7%94%A8%E5%93%81%EF%BC%8C%E5%8C%85%E6%8B%AC%E7%8E%A9%E5%85%B7%E3%80%81%E6%9C%8D%E8%A3%85%E3%80%81%E7%BA%B8%E5%B0%BF%E8%A3%A4%E3%80%81%E9%A4%90%E5%8E%A8%E5%85%B7%E3%80%81%E6%B9%BF%E5%B7%BE%E7%AD%89%E8%BF%9B%E8%A1%8C%E4%BA%86%E8%B4%A8%E9%87%8F%E6%8A%BD%E6%9F%A5%EF%BC%8C%E6%80%BB%E8%AE%A1%E6%8A%BD%E6%A0%B7654%E6%89%B9%EF%BC%8C%E6%A3%80%E5%87%BA%E4%B8%8D%E5%90%88%E6%A0%BC217%E6%89%B9%EF%BC%8C%E4%B8%8D%E5%90%88%E6%A0%BC%E7%8E%87%E4%B8%BA33%25%E3%80%82%E5%85%B6%E4%B8%AD%EF%BC%8C%E8%BF%9B%E5%8F%A3%E7%8E%A9%E5%85%B7%E5%85%B1%E6%8A%BD%E6%9F%A5124%E6%89%B9%EF%BC%8C+%E6%A3%80%E5%87%BA28%E6%89%B9%E4%BA%A7%E5%93%81%E5%AD%98%E5%9C%A8%E5%B0%8F%E9%9B%B6%E4%BB%B6%E5%AE%B9%E6%98%93%E5%AF%BC%E8%87%B4%E5%84%BF%E7%AB%A5%E7%AA%92%E6%81%AF%E3%80%81%E6%88%96%E7%89%A9%E7%90%86%E5%AE%89%E5%85%A8%E6%80%A7%E8%83%BD%E4%B8%8D%E5%90%88%E6%A0%BC%EF%BC%8C%E4%BA%A7%E5%93%81%E4%B8%BB%E8%A6%81%E6%9D%A5%E8%87%AA%E6%B3%B0%E5%9B%BD%E3%80%81%E9%9F%A9%E5%9B%BD%E3%80%81%E5%BE%B7%E5%9B%BD%E3%80%81%E7%BE%8E%E5%9B%BD%E7%AD%89%E5%9B%BD%E3%80%82%26nbsp%3B%3C%2Fp%3E%3Cp%3E%3Cbr%3E%3C%2Fp%3E&title=315%E6%9B%9D%E5%85%89%EF%BC%9A%E8%B7%A8%E5%A2%83%E7%94%B5%E5%95%86%E5%B9%B3%E5%8F%B0%E9%94%80%E5%94%AE%E6%97%A5%E6%9C%AC%E6%A0%B8%E8%BE%90%E5%B0%84%E5%9C%B0%E5%8C%BA%E9%A3%9F%E5%93%81&author=%E5%87%A4%E5%87%B0%E8%B5%84%E8%AE%AF&category_id=4
INFO: [ app_init ] --START--
INFO: Run Behavior\BuildLiteBehavior [ RunTime:0.000000s ]
INFO: [ app_init ] --END-- [ RunTime:0.001000s ]
INFO: [ app_begin ] --START--
INFO: Run Behavior\ReadHtmlCacheBehavior [ RunTime:0.003000s ]
INFO: [ app_begin ] --END-- [ RunTime:0.003000s ]
SQL: SHOW COLUMNS FROM `zl_article` [ RunTime:0.0130s ]
SQL: INSERT INTO `zl_article` (`category_id`,`title`,`content`,`author`,`created_time`) VALUES ('4','315曝光：跨境电商平台销售日本核辐射地区食品','&lt;p&gt;凤凰科技讯（作者/白杨）今天晚上，央视315晚会如期召开，今年晚会的主题是“用诚信汇聚责任的力量”。继互动百科之后，深圳海豚跨境科技有限公司成为第二家被曝光的互联网公司。&lt;/p&gt;&lt;p&gt;根据央视报道，一些跨境电商销售来自日本辐射区的食品。央视记者调查发现，很多食品的产地只标注来自日本，但实际上是来自核污染地区。不仅是线上，在一些跨境电商的线下体验店里，记者也发现同样来自日本核污染地区的食品。&lt;/p&gt;&lt;p&gt;这些产品如何进入中国的？经央视调查，深圳经典仁源贸易有限公司主要业务就是批发日本食品。按照该公司网站上提供的地址，该公司竟然是丰湖干货特产城里的一个摊位。&lt;/p&gt;&lt;p&gt;该公司的一位负责人林经理承认，他们公司热销售的卡乐比麦片，的确是来自日本的核污染地区。&lt;/p&gt;&lt;p&gt;国家明令禁止，他们仍然有办法逃避监管。林经理称，有一些没办法，没有通过海关，只能到香港再到深圳，香港的量还是相当大的。&lt;/p&gt;&lt;p&gt;此外，央视还报道，深圳市有棵树旗下的深圳海豚跨境科技有限公司，号称是中国进口母婴用品最大的供应链平台，并为国内众多的电商提供货源。在公司的网上商城里，记者也看到了禁止销售的卡乐比麦片。&lt;/p&gt;&lt;p&gt;这些卡乐比麦片同样来自核污染地区的枥木县清源工厂。在海豚公司向执法人员提供的材料上显示，该产品是从日本的大阪直接运到天津港，报关单上并没有显示出跟核污染产地有关的信息。&lt;/p&gt;&lt;p&gt;记者在调查中还了解到，海豚公司主要是以批发为主，公司的负责人承认99%的产品都批发给了其他一些电商平台。&lt;/p&gt;&lt;p&gt;深圳市市场稽查局发现，国内涉嫌销售日本核污染食品的网上商家初步统计已达13000多家。&lt;/p&gt;&lt;p&gt;跨境电商行业的产品质量问题去年315已经被曝光过。当时曝光的问题是行业存在大量不合格产品。&lt;/p&gt;&lt;p&gt;2015年，质检总局对通过跨境电商渠道进口的儿童用品，包括玩具、服装、纸尿裤、餐厨具、湿巾等进行了质量抽查，总计抽样654批，检出不合格217批，不合格率为33%。其中，进口玩具共抽查124批， 检出28批产品存在小零件容易导致儿童窒息、或物理安全性能不合格，产品主要来自泰国、韩国、德国、美国等国。&amp;nbsp;&lt;/p&gt;&lt;p&gt;&lt;br&gt;&lt;/p&gt;','凤凰资讯','2017-03-15 23:40:46') [ RunTime:0.1000s ]
INFO: [ view_parse ] --START--
INFO: Run Behavior\ParseTemplateBehavior [ RunTime:0.003000s ]
INFO: [ view_parse ] --END-- [ RunTime:0.003000s ]
INFO: [ view_filter ] --START--
INFO: Run Behavior\WriteHtmlCacheBehavior [ RunTime:0.002000s ]
INFO: [ view_filter ] --END-- [ RunTime:0.002000s ]
INFO: [ app_end ] --START--
INFO: Run Behavior\ShowPageTraceBehavior [ RunTime:0.002000s ]
INFO: [ app_end ] --END-- [ RunTime:0.002000s ]

[ 2017-03-15T23:40:47+08:00 ] 127.0.0.1 /Article/list?v=4.0
INFO: [ app_init ] --START--
INFO: Run Behavior\BuildLiteBehavior [ RunTime:0.000000s ]
INFO: [ app_init ] --END-- [ RunTime:0.001000s ]
INFO: [ app_begin ] --START--
INFO: Run Behavior\ReadHtmlCacheBehavior [ RunTime:0.003000s ]
INFO: [ app_begin ] --END-- [ RunTime:0.003000s ]
SQL: SHOW COLUMNS FROM `zl_article` [ RunTime:0.0130s ]
SQL: SELECT * FROM `zl_article` WHERE `deleted` = 0  [ RunTime:0.0010s ]
INFO: [ view_parse ] --START--
INFO: [ template_filter ] --START--
INFO: Run Behavior\ContentReplaceBehavior [ RunTime:0.000000s ]
INFO: [ template_filter ] --END-- [ RunTime:0.000000s ]
INFO: Run Behavior\ParseTemplateBehavior [ RunTime:0.034002s ]
INFO: [ view_parse ] --END-- [ RunTime:0.034002s ]
INFO: [ view_filter ] --START--
INFO: Run Behavior\WriteHtmlCacheBehavior [ RunTime:0.003000s ]
INFO: [ view_filter ] --END-- [ RunTime:0.003000s ]
INFO: [ app_end ] --START--
INFO: Run Behavior\ShowPageTraceBehavior [ RunTime:0.003000s ]
INFO: [ app_end ] --END-- [ RunTime:0.003000s ]

[ 2017-03-15T23:40:48+08:00 ] 127.0.0.1 /Public/plugins/layer/layer.js
INFO: [ app_init ] --START--
INFO: Run Behavior\BuildLiteBehavior [ RunTime:0.000000s ]
INFO: [ app_init ] --END-- [ RunTime:0.001000s ]
INFO: [ app_begin ] --START--
INFO: Run Behavior\ReadHtmlCacheBehavior [ RunTime:0.002000s ]
INFO: [ app_begin ] --END-- [ RunTime:0.002000s ]
ERR: 无法加载控制器:Public

[ 2017-03-15T23:40:49+08:00 ] 127.0.0.1 /Public/plugins/layer/layer.js
INFO: [ app_init ] --START--
INFO: Run Behavior\BuildLiteBehavior [ RunTime:0.000000s ]
INFO: [ app_init ] --END-- [ RunTime:0.002000s ]
INFO: [ app_begin ] --START--
INFO: Run Behavior\ReadHtmlCacheBehavior [ RunTime:0.010001s ]
INFO: [ app_begin ] --END-- [ RunTime:0.010001s ]
ERR: 无法加载控制器:Public

[ 2017-03-15T23:45:44+08:00 ] 127.0.0.1 /index.php/Index/index.html
INFO: [ app_init ] --START--
INFO: Run Behavior\BuildLiteBehavior [ RunTime:0.000000s ]
INFO: [ app_init ] --END-- [ RunTime:0.001000s ]
INFO: [ app_begin ] --START--
INFO: Run Behavior\ReadHtmlCacheBehavior [ RunTime:0.003000s ]
INFO: [ app_begin ] --END-- [ RunTime:0.003000s ]
INFO: [ view_parse ] --START--
INFO: [ template_filter ] --START--
INFO: Run Behavior\ContentReplaceBehavior [ RunTime:0.001001s ]
INFO: [ template_filter ] --END-- [ RunTime:0.001001s ]
INFO: Run Behavior\ParseTemplateBehavior [ RunTime:0.253015s ]
INFO: [ view_parse ] --END-- [ RunTime:0.254015s ]
INFO: [ view_filter ] --START--
INFO: Run Behavior\WriteHtmlCacheBehavior [ RunTime:0.002000s ]
INFO: [ view_filter ] --END-- [ RunTime:0.002000s ]
INFO: [ app_end ] --START--
INFO: Run Behavior\ShowPageTraceBehavior [ RunTime:0.003000s ]
INFO: [ app_end ] --END-- [ RunTime:0.003000s ]

[ 2017-03-15T23:45:44+08:00 ] 127.0.0.1 /Public/plugins/layer/layer.js
INFO: [ app_init ] --START--
INFO: Run Behavior\BuildLiteBehavior [ RunTime:0.000000s ]
INFO: [ app_init ] --END-- [ RunTime:0.005000s ]
INFO: [ app_begin ] --START--
INFO: Run Behavior\ReadHtmlCacheBehavior [ RunTime:0.002000s ]
INFO: [ app_begin ] --END-- [ RunTime:0.003000s ]
ERR: 无法加载控制器:Public

[ 2017-03-15T23:45:44+08:00 ] 127.0.0.1 /Public/plugins/layer/layer.js
INFO: [ app_init ] --START--
INFO: Run Behavior\BuildLiteBehavior [ RunTime:0.000000s ]
INFO: [ app_init ] --END-- [ RunTime:0.001000s ]
INFO: [ app_begin ] --START--
INFO: Run Behavior\ReadHtmlCacheBehavior [ RunTime:0.002000s ]
INFO: [ app_begin ] --END-- [ RunTime:0.003000s ]
ERR: 无法加载控制器:Public

[ 2017-03-15T23:45:45+08:00 ] 127.0.0.1 /Public/admin/plugins/layer/skin/layer.css
INFO: [ app_init ] --START--
INFO: Run Behavior\BuildLiteBehavior [ RunTime:0.000000s ]
INFO: [ app_init ] --END-- [ RunTime:0.002001s ]
INFO: [ app_begin ] --START--
INFO: Run Behavior\ReadHtmlCacheBehavior [ RunTime:0.003000s ]
INFO: [ app_begin ] --END-- [ RunTime:0.003000s ]
ERR: 无法加载控制器:Public

[ 2017-03-15T23:45:45+08:00 ] 127.0.0.1 /Public/admin/plugins/layer/extend/layer.ext.js
INFO: [ app_init ] --START--
INFO: Run Behavior\BuildLiteBehavior [ RunTime:0.000000s ]
INFO: [ app_init ] --END-- [ RunTime:0.002000s ]
INFO: [ app_begin ] --START--
INFO: Run Behavior\ReadHtmlCacheBehavior [ RunTime:0.002000s ]
INFO: [ app_begin ] --END-- [ RunTime:0.002000s ]
ERR: 无法加载控制器:Public

[ 2017-03-15T23:45:45+08:00 ] 127.0.0.1 /index.php/Index/index_v1.html?v=4.0
INFO: [ app_init ] --START--
INFO: Run Behavior\BuildLiteBehavior [ RunTime:0.000000s ]
INFO: [ app_init ] --END-- [ RunTime:0.001000s ]
INFO: [ app_begin ] --START--
INFO: Run Behavior\ReadHtmlCacheBehavior [ RunTime:0.002000s ]
INFO: [ app_begin ] --END-- [ RunTime:0.002000s ]
ERR: 非法操作:index_v1

